0x10000000:	0xbb	0x06	0x04	0xff	0x03	0x01	0x00	0x01
0x10000008:	0xaa	0x04	0x00	0x01	0x01	0x10	0x00	0xbb
0x10000010:	0x0f	0x04	0x0e	0x0c	0x01	0x01	0x10	0x00
0x10000018:	0x07	0x07	0x31	0x07	0x30	0x00	0x23	0x00
0x10000020:	0xbb	0x06	0x04	0xff	0x03	0x01	0x00	0x01
0x10000028:	0xaa	0x04	0x08	0x01	0x0c	0xfc	0x08	0x00
0x10000030:	0x06	0x30	0x1a	0xed	0xfe	0xce	0xfa	0xbb
0x10000038:	0x07	0x04	0x0e	0x04	0x01	0x0c	0xfc	0x00
0x10000040:	0xaa	0x04	0x00	0x01	0x01	0xfd	0x00	0xbb
0x10000048:	0x07	0x04	0x0e	0x04	0x01	0x01	0xfd	0x00
0x10000050:	0xaa	0x04	0x03	0x01	0x8a	0xfc	0x03	0x04
0x10000058:	0x00	0x07	0xbb	0x0d	0x04	0x0e	0x0a	0x01
0x10000060:	0x8a	0xfc	0x00	0x05	0x00	0x06	0x00	0x08
0x10000068:	0x00	0xaa	0x04	0x06	0x01	0x05	0x20	0x06
0x10000070:	0x30	0x1a	0xed	0xfe	0xce	0xfa	0xbb	0x07
0x10000078:	0x04	0x0e	0x04	0x01	0x05	0x20	0x00	0xaa
0x10000080:	0x04	0x0d	0x01	0x06	0xfd	0x0d	0x05	0x00
0x10000088:	0x06	0x00	0x00	0x07	0x4d	0x6b	0x41	0x64
0x10000090:	0x61	0x20	0x43	0xbb	0x07	0x04	0x0e	0x04
0x10000098:	0x01	0x06	0xfd	0x00	0xaa	0x04	0x1a	0x01
0x100000a0:	0x86	0xfc	0x1a	0x01	0x00	0x00	0x00	0x00
0x100000a8:	0x00	0x00	0x00	0x00	0x00	0x00	0x00	0x00
0x100000b0:	0x00	0x00	0x00	0x00	0x00	0x07	0x10	0x00
0x100000b8:	0x40	0xe2	0x01	0x00	0x01	0xbb	0x07	0x04
0x100000c0:	0x0e	0x04	0x01	0x86	0xfc	0x00	0xaa	0x04
0x100000c8:	0x02	0x01	0x0f	0xfc	0x02	0x01	0x04	0xbb
0x100000d0:	0x07	0x04	0x0e	0x04	0x01	0x0f	0xfc	0x00
0x100000d8:	0xaa	0x04	0x06	0x01	0x97	0xfc	0x06	0x00
0x100000e0:	0x40	0x00	0x40	0x00	0x01	0xbb	0x07	0x04
0x100000e8:	0x0f	0x04	0x00	0x01	0x97	0xfc	0xbb	0x1c
0x100000f0:	0x04	0x3e	0x19	0x02	0x01	0x00	0x01	0x40
0x100000f8:	0xe5	0xbc	0x3c	0xe2	0x6b	0x0d	0x02	0x01
0x10000100:	0x02	0x03	0x03	0x50	0xfe	0x05	0x16	0x50
0x10000108:	0xfe	0x78	0x45	0xb7	0xbb	0x0f	0x04	0x3e
0x10000110:	0x0c	0x02	0x01	0x04	0x01	0x40	0xe5	0xbc
0x10000118:	0x3c	0xe2	0x6b	0x00	0xb7	0xbb	0x19	0x04
0x10000120:	0x3e	0x16	0x02	0x01	0x04	0x01	0x2c	0x90
0x10000128:	0xfd	0xc4	0x84	0x45	0x0a	0x09	0xff	0xe0
0x10000130:	0x00	0x01	0x39	0xca	0x8b	0x19	0x7b	0xa8
0x10000138:	0xbb	0x19	0x04	0x3e	0x16	0x02	0x01	0x04
0x10000140:	0x01	0xd7	0x9c	0x49	0x64	0x5e	0x6b	0x0a
0x10000148:	0x09	0xff	0xe0	0x00	0x01	0x37	0xca	0x86
0x10000150:	0xca	0x68	0xd5	0xbb	0x1c	0x04	0x3e	0x19
0x10000158:	0x02	0x01	0x00	0x01	0x40	0xe5	0xbc	0x3c
0x10000160:	0xe2	0x6b	0x0d	0x02	0x01	0x02	0x03	0x03
0x10000168:	0x50	0xfe	0x05	0x16	0x50	0xfe	0x78	0x45
0x10000170:	0xb3	0xbb	0x19	0x04	0x3e	0x16	0x02	0x01
0x10000178:	0x04	0x01	0xf1	0x09	0x22	0x9e	0x22	0x5b
0x10000180:	0x0a	0x09	0xff	0xe0	0x00	0x01	0x47	0xca
0x10000188:	0x91	0x17	0x73	0xb4	0xbb	0x2e	0x04	0x3e
0x10000190:	0x2b	0x02	0x01	0x00	0x01	0xa3	0xc8	0x70
0x10000198:	0xe4	0x02	0xce	0x1f	0x02	0x01	0x06	0x11
0x100001a0:	0x06	0x42	0xae	0x20	0xc0	0x09	0x5c	0xf8
0x100001a8:	0xa1	0xe8	0x48	0xd4	0x31	0x01	0x01	0x12
0x100001b0:	0xaf	0x09	0x09	0x4c	0x55	0x4d	0x4f	0x2a
0x100001b8:	0x00	0x0e	0x01	0xb5	0xbb	0x19	0x04	0x3e
0x100001c0:	0x16	0x02	0x01	0x04	0x01	0xb0	0x46	0x9c
0x100001c8:	0xb0	0xb5	0x66	0x0a	0x09	0xff	0xe0	0x00
0x100001d0:	0x01	0x16	0xca	0x61	0x5a	0x44	0xa8	0xbb
0x100001d8:	0x1c	0x04	0x3e	0x19	0x02	0x01	0x00	0x01
0x100001e0:	0x40	0xe5	0xbc	0x3c	0xe2	0x6b	0x0d	0x02
0x100001e8:	0x01	0x02	0x03	0x03	0x50	0xfe	0x05	0x16
0x100001f0:	0x50	0xfe	0x78	0x45	0xb1	0xbb	0x0f	0x04
0x100001f8:	0x3e	0x0c	0x02	0x01	0x04	0x01	0x40	0xe5
0x10000200:	0xbc	0x3c	0xe2	0x6b	0x00	0xb1	0xbb	0x2e
0x10000208:	0x04	0x3e	0x2b	0x02	0x01	0x00	0x01	0xa3
0x10000210:	0xc8	0x70	0xe4	0x02	0xce	0x1f	0x02	0x01
0x10000218:	0x06	0x11	0x06	0x42	0xae	0x20	0xc0	0x09
0x10000220:	0x5c	0xf8	0xa1	0xe8	0x48	0xd4	0x31	0x01
0x10000228:	0x01	0x12	0xaf	0x09	0x09	0x4c	0x55	0x4d
0x10000230:	0x4f	0x2a	0x00	0x0e	0x01	0xb6	0xbb	0x1c
0x10000238:	0x04	0x3e	0x19	0x02	0x01	0x00	0x01	0x40
0x10000240:	0xe5	0xbc	0x3c	0xe2	0x6b	0x0d	0x02	0x01
0x10000248:	0x02	0x03	0x03	0x50	0xfe	0x05	0x16	0x50
0x10000250:	0xfe	0x78	0x45	0xaa	0xbb	0x1c	0x04	0x3e
0x10000258:	0x19	0x02	0x01	0x00	0x01	0x40	0xe5	0xbc
0x10000260:	0x3c	0xe2	0x6b	0x0d	0x02	0x01	0x02	0x03
0x10000268:	0x03	0x50	0xfe	0x05	0x16	0x50	0xfe	0x78
0x10000270:	0x45	0xb1	0xbb	0x2e	0x04	0x3e	0x2b	0x02
0x10000278:	0x01	0x00	0x01	0xa3	0xc8	0x70	0xe4	0x02
0x10000280:	0xce	0x1f	0x02	0x01	0x06	0x11	0x06	0x42
0x10000288:	0xae	0x20	0xc0	0x09	0x5c	0xf8	0xa1	0xe8
0x10000290:	0x48	0xd4	0x31	0x01	0x01	0x12	0xaf	0x09
0x10000298:	0x09	0x4c	0x55	0x4d	0x4f	0x2a	0x00	0x0e
0x100002a0:	0x01	0xb6	0xbb	0x0f	0x04	0x3e	0x0c	0x02
0x100002a8:	0x01	0x04	0x01	0xa3	0xc8	0x70	0xe4	0x02
0x100002b0:	0xce	0x00	0xb6	0xbb	0x19	0x04	0x3e	0x16
0x100002b8:	0x02	0x01	0x04	0x01	0xd7	0x9c	0x49	0x64
0x100002c0:	0x5e	0x6b	0x0a	0x09	0xff	0xe0	0x00	0x01
0x100002c8:	0x37	0xca	0x86	0xca	0x68	0xd5	0xbb	0x1c
0x100002d0:	0x04	0x3e	0x19	0x02	0x01	0x00	0x01	0x40
0x100002d8:	0xe5	0xbc	0x3c	0xe2	0x6b	0x0d	0x02	0x01
0x100002e0:	0x02	0x03	0x03	0x50	0xfe	0x05	0x16	0x50
0x100002e8:	0xfe	0x78	0x45	0xb4	0xbb	0x2e	0x04	0x3e
0x100002f0:	0x2b	0x02	0x01	0x00	0x01	0xa3	0xc8	0x70
0x100002f8:	0xe4	0x02	0xce	0x1f	0x02	0x01	0x06	0x11
0x10000300:	0x06	0x42	0xae	0x20	0xc0	0x09	0x5c	0xf8
0x10000308:	0xa1	0xe8	0x48	0xd4	0x31	0x01	0x01	0x12
0x10000310:	0xaf	0x09	0x09	0x4c	0x55	0x4d	0x4f	0x2a
0x10000318:	0x00	0x0e	0x01	0xb5	0xbb	0x1c	0x04	0x3e
0x10000320:	0x19	0x02	0x01	0x00	0x01	0x40	0xe5	0xbc
0x10000328:	0x3c	0xe2	0x6b	0x0d	0x02	0x01	0x02	0x03
0x10000330:	0x03	0x50	0xfe	0x05	0x16	0x50	0xfe	0x78
0x10000338:	0x45	0xb1	0xbb	0x19	0x04	0x3e	0x16	0x02
0x10000340:	0x01	0x04	0x01	0xf1	0x09	0x22	0x9e	0x22
0x10000348:	0x5b	0x0a	0x09	0xff	0xe0	0x00	0x01	0x47
0x10000350:	0xca	0x91	0x17	0x73	0xb1	0xbb	0x2e	0x04
0x10000358:	0x3e	0x2b	0x02	0x01	0x00	0x01	0xa3	0xc8
0x10000360:	0x70	0xe4	0x02	0xce	0x1f	0x02	0x01	0x06
0x10000368:	0x11	0x06	0x42	0xae	0x20	0xc0	0x09	0x5c
0x10000370:	0xf8	0xa1	0xe8	0x48	0xd4	0x31	0x01	0x01
0x10000378:	0x12	0xaf	0x09	0x09	0x4c	0x55	0x4d	0x4f
0x10000380:	0x2a	0x00	0x0e	0x01	0xb6	0xbb	0x1c	0x04
0x10000388:	0x3e	0x19	0x02	0x01	0x00	0x01	0x40	0xe5
0x10000390:	0xbc	0x3c	0xe2	0x6b	0x0d	0x02	0x01	0x02
0x10000398:	0x03	0x03	0x50	0xfe	0x05	0x16	0x50	0xfe
0x100003a0:	0x78	0x45	0xa7	0xbb	0x2e	0x04	0x3e	0x2b
0x100003a8:	0x02	0x01	0x00	0x01	0xa3	0xc8	0x70	0xe4
0x100003b0:	0x02	0xce	0x1f	0x02	0x01	0x06	0x11	0x06
0x100003b8:	0x42	0xae	0x20	0xc0	0x09	0x5c	0xf8	0xa1
0x100003c0:	0xe8	0x48	0xd4	0x31	0x01	0x01	0x12	0xaf
0x100003c8:	0x09	0x09	0x4c	0x55	0x4d	0x4f	0x2a	0x00
0x100003d0:	0x0e	0x01	0xb5	0xbb	0x1c	0x04	0x3e	0x19
0x100003d8:	0x02	0x01	0x00	0x01	0x40	0xe5	0xbc	0x3c
0x100003e0:	0xe2	0x6b	0x0d	0x02	0x01	0x02	0x03	0x03
0x100003e8:	0x50	0xfe	0x05	0x16	0x50	0xfe	0x78	0x45
0x100003f0:	0xb0	0xbb	0x1c	0x04	0x3e	0x19	0x02	0x01
0x100003f8:	0x00	0x01	0x40	0xe5	0xbc	0x3c	0xe2	0x6b
0x10000400:	0x0d	0x02	0x01	0x02	0x03	0x03	0x50	0xfe
0x10000408:	0x05	0x16	0x50	0xfe	0x78	0x45	0xb1	0xbb
0x10000410:	0x2e	0x04	0x3e	0x2b	0x02	0x01	0x00	0x01
0x10000418:	0xa3	0xc8	0x70	0xe4	0x02	0xce	0x1f	0x02
0x10000420:	0x01	0x06	0x11	0x06	0x42	0xae	0x20	0xc0
0x10000428:	0x09	0x5c	0xf8	0xa1	0xe8	0x48	0xd4	0x31
0x10000430:	0x01	0x01	0x12	0xaf	0x09	0x09	0x4c	0x55
0x10000438:	0x4d	0x4f	0x2a	0x00	0x0e	0x01	0xb4	0xbb
0x10000440:	0x1c	0x04	0x3e	0x19	0x02	0x01	0x00	0x01
0x10000448:	0x40	0xe5	0xbc	0x3c	0xe2	0x6b	0x0d	0x02
0x10000450:	0x01	0x02	0x03	0x03	0x50	0xfe	0x05	0x16
0x10000458:	0x50	0xfe	0x78	0x45	0xb1	0xbb	0x19	0x04
0x10000460:	0x3e	0x16	0x02	0x01	0x04	0x01	0xb0	0x46
0x10000468:	0x9c	0xb0	0xb5	0x66	0x0a	0x09	0xff	0xe0
0x10000470:	0x00	0x01	0x16	0xca	0x61	0x5a	0x44	0xb5
0x10000478:	0xbb	0x1c	0x04	0x3e	0x19	0x02	0x01	0x00
0x10000480:	0x01	0x40	0xe5	0xbc	0x3c	0xe2	0x6b	0x0d
0x10000488:	0x02	0x01	0x02	0x03	0x03	0x50	0xfe	0x05
0x10000490:	0x16	0x50	0xfe	0x78	0x45	0xb0	0xbb	0x0f
0x10000498:	0x04	0x3e	0x0c	0x02	0x01	0x04	0x01	0x40
0x100004a0:	0xe5	0xbc	0x3c	0xe2	0x6b	0x00	0xb0	0xbb
0x100004a8:	0x2e	0x04	0x3e	0x2b	0x02	0x01	0x00	0x01
0x100004b0:	0xa3	0xc8	0x70	0xe4	0x02	0xce	0x1f	0x02
0x100004b8:	0x01	0x06	0x11	0x06	0x42	0xae	0x20	0xc0
0x100004c0:	0x09	0x5c	0xf8	0xa1	0xe8	0x48	0xd4	0x31
0x100004c8:	0x01	0x01	0x12	0xaf	0x09	0x09	0x4c	0x55
0x100004d0:	0x4d	0x4f	0x2a	0x00	0x0e	0x01	0xb4	0xbb
0x100004d8:	0x1c	0x04	0x3e	0x19	0x02	0x01	0x00	0x01
0x100004e0:	0x40	0xe5	0xbc	0x3c	0xe2	0x6b	0x0d	0x02
0x100004e8:	0x01	0x02	0x03	0x03	0x50	0xfe	0x05	0x16
0x100004f0:	0x50	0xfe	0x78	0x45	0xb0	0xbb	0x2e	0x04
0x100004f8:	0x3e	0x2b	0x02	0x01	0x00	0x01	0xa3	0xc8
0x10000500:	0x70	0xe4	0x02	0xce	0x1f	0x02	0x01	0x06
0x10000508:	0x11	0x06	0x42	0xae	0x20	0xc0	0x09	0x5c
0x10000510:	0xf8	0xa1	0xe8	0x48	0xd4	0x31	0x01	0x01
0x10000518:	0x12	0xaf	0x09	0x09	0x4c	0x55	0x4d	0x4f
0x10000520:	0x2a	0x00	0x0e	0x01	0xb4	0xbb	0x0f	0x04
0x10000528:	0x3e	0x0c	0x02	0x01	0x04	0x01	0xa3	0xc8
0x10000530:	0x70	0xe4	0x02	0xce	0x00	0xb4	0xbb	0x19
0x10000538:	0x04	0x3e	0x16	0x02	0x01	0x04	0x01	0xd7
0x10000540:	0x9c	0x49	0x64	0x5e	0x6b	0x0a	0x09	0xff
0x10000548:	0xe0	0x00	0x01	0x37	0xca	0x86	0xca	0x68
0x10000550:	0xd6	0xbb	0x19	0x04	0x3e	0x16	0x02	0x01
0x10000558:	0x04	0x01	0xf1	0x09	0x22	0x9e	0x22	0x5b
0x10000560:	0x0a	0x09	0xff	0xe0	0x00	0x01	0x47	0xca
0x10000568:	0x91	0x17	0x73	0xb1	0xbb	0x1c	0x04	0x3e
0x10000570:	0x19	0x02	0x01	0x00	0x01	0x40	0xe5	0xbc
0x10000578:	0x3c	0xe2	0x6b	0x0d	0x02	0x01	0x02	0x03
0x10000580:	0x03	0x50	0xfe	0x05	0x16	0x50	0xfe	0x78
0x10000588:	0x45	0xb0	0xbb	0x1c	0x04	0x3e	0x19	0x02
0x10000590:	0x01	0x00	0x01	0x40	0xe5	0xbc	0x3c	0xe2
0x10000598:	0x6b	0x0d	0x02	0x01	0x02	0x03	0x03	0x50
0x100005a0:	0xfe	0x05	0x16	0x50	0xfe	0x78	0x45	0xb1
0x100005a8:	0xbb	0x2e	0x04	0x3e	0x2b	0x02	0x01	0x00
0x100005b0:	0x01	0xa3	0xc8	0x70	0xe4	0x02	0xce	0x1f
0x100005b8:	0x02	0x01	0x06	0x11	0x06	0x42	0xae	0x20
0x100005c0:	0xc0	0x09	0x5c	0xf8	0xa1	0xe8	0x48	0xd4
0x100005c8:	0x31	0x01	0x01	0x12	0xaf	0x09	0x09	0x4c
0x100005d0:	0x55	0x4d	0x4f	0x2a	0x00	0x0e	0x01	0xb4
0x100005d8:	0xbb	0x1c	0x04	0x3e	0x19	0x02	0x01	0x00
0x100005e0:	0x01	0x40	0xe5	0xbc	0x3c	0xe2	0x6b	0x0d
0x100005e8:	0x02	0x01	0x02	0x03	0x03	0x50	0xfe	0x05
0x100005f0:	0x16	0x50	0xfe	0x78	0x45	0xb1	0xbb	0x2e
0x100005f8:	0x04	0x3e	0x2b	0x02	0x01	0x00	0x01	0xa3
0x10000600:	0xc8	0x70	0xe4	0x02	0xce	0x1f	0x02	0x01
0x10000608:	0x06	0x11	0x06	0x42	0xae	0x20	0xc0	0x09
0x10000610:	0x5c	0xf8	0xa1	0xe8	0x48	0xd4	0x31	0x01
0x10000618:	0x01	0x12	0xaf	0x09	0x09	0x4c	0x55	0x4d
0x10000620:	0x4f	0x2a	0x00	0x0e	0x01	0xb4	0xbb	0x1c
0x10000628:	0x04	0x3e	0x19	0x02	0x01	0x00	0x01	0x40
0x10000630:	0xe5	0xbc	0x3c	0xe2	0x6b	0x0d	0x02	0x01
0x10000638:	0x02	0x03	0x03	0x50	0xfe	0x05	0x16	0x50
0x10000640:	0xfe	0x78	0x45	0xb0	0xbb	0x1c	0x04	0x3e
0x10000648:	0x19	0x02	0x01	0x00	0x01	0x40	0xe5	0xbc
0x10000650:	0x3c	0xe2	0x6b	0x0d	0x02	0x01	0x02	0x03
0x10000658:	0x03	0x50	0xfe	0x05	0x16	0x50	0xfe	0x78
0x10000660:	0x45	0xb0	0xbb	0x2e	0x04	0x3e	0x2b	0x02
0x10000668:	0x01	0x00	0x01	0xa3	0xc8	0x70	0xe4	0x02
0x10000670:	0xce	0x1f	0x02	0x01	0x06	0x11	0x06	0x42
0x10000678:	0xae	0x20	0xc0	0x09	0x5c	0xf8	0xa1	0xe8
0x10000680:	0x48	0xd4	0x31	0x01	0x01	0x12	0xaf	0x09
0x10000688:	0x09	0x4c	0x55	0x4d	0x4f	0x2a	0x00	0x0e
0x10000690:	0x01	0xb4	0xbb	0x2c	0x04	0x3e	0x29	0x02
0x10000698:	0x01	0x00	0x00	0x46	0x2c	0xed	0xfe	0xce
0x100006a0:	0xfa	0x1d	0x02	0x0a	0x00	0x08	0x09	0x4d
0x100006a8:	0x6b	0x41	0x64	0x61	0x20	0x53	0x0d	0xff
0x100006b0:	0x01	0x02	0x00	0xff	0x00	0x00	0xfa	0xce
0x100006b8:	0xfe	0xed	0x2c	0x46	0x02	0x01	0x06	0xb9
0x100006c0:	0xbb	0x0f	0x04	0x3e	0x0c	0x02	0x01	0x04
0x100006c8:	0x00	0x46	0x2c	0xed	0xfe	0xce	0xfa	0x00
0x100006d0:	0xb9	0xaa	0x04	0x01	0x01	0x9d	0xfc	0x01
0x100006d8:	0x02	0xbb	0x07	0x04	0xff	0x04	0x07	0x04
0x100006e0:	0x02	0x00	0xbb	0x07	0x04	0x0e	0x04	0x01
0x100006e8:	0x9d	0xfc	0x00	0xaa	0x04	0x18	0x01	0x9c
0x100006f0:	0xfc	0x18	0x00	0x40	0x00	0x40	0x00	0x46
0x100006f8:	0x2c	0xed	0xfe	0xce	0xfa	0x00	0x28	0x00
0x10000700:	0x28	0x00	0x00	0x00	0x3c	0x00	0xd0	0x07
0x10000708:	0xd0	0x07	0xbb	0x07	0x04	0x0f	0x04	0x00
0x10000710:	0x01	0x9c	0xfc	0xbb	0x07	0x04	0xff	0x04
0x10000718:	0x07	0x04	0x40	0x00	0xbb	0x16	0x04	0x3e
0x10000720:	0x13	0x01	0x00	0x01	0x08	0x00	0x00	0x46
0x10000728:	0x2c	0xed	0xfe	0xce	0xfa	0x28	0x00	0x00
0x10000730:	0x00	0x3c	0x00	0x00	0xbb	0x13	0x04	0xff
0x10000738:	0x10	0x02	0x08	0x01	0x08	0x0b	0x01	0x08
0x10000740:	0x00	0x08	0x00	0x11	0x00	0x00	0x00	0x90
0x10000748:	0x01	0xaa	0x04	0x10	0x01	0x82	0xfd	0x10
0x10000750:	0x01	0x08	0x08	0x00	0x11	0x00	0x00	0x00
0x10000758:	0x90	0x01	0x00	0x00	0xff	0xff	0x01	0x01
0x10000760:	0xbb	0x07	0x04	0x0e	0x04	0x01	0x82	0xfd
0x10000768:	0x00	0xaa	0x04	0x17	0x01	0x16	0xfd	0x17
0x10000770:	0x01	0x08	0x01	0x00	0xff	0xff	0x02	0x00
0x10000778:	0xe0	0x00	0x00	0x00	0x01	0x11	0xe1	0xac
0x10000780:	0x36	0x00	0x02	0xa5	0xd5	0xc5	0x1b	0xbb
0x10000788:	0x07	0x04	0x0f	0x04	0x00	0x01	0x16	0xfd
0x10000790:	0xaa	0x04	0x07	0x01	0x21	0xfd	0x07	0x01
0x10000798:	0x08	0x12	0x00	0x02	0x01	0x00	0xbb	0x07
0x100007a0:	0x04	0x0f	0x04	0x46	0x01	0x21	0xfd	0xaa
0x100007a8:	0x04	0x07	0x01	0x21	0xfd	0x07	0x01	0x08
0x100007b0:	0x12	0x00	0x02	0x01	0x00	0xbb	0x07	0x04
0x100007b8:	0x0f	0x04	0x46	0x01	0x21	0xfd	0xaa	0x04
0x100007c0:	0x07	0x01	0x21	0xfd	0x07	0x01	0x08	0x12
0x100007c8:	0x00	0x02	0x01	0x00	0xbb	0x07	0x04	0x0f
0x100007d0:	0x04	0x46	0x01	0x21	0xfd	0xaa	0x04	0x07
0x100007d8:	0x01	0x21	0xfd	0x07	0x01	0x08	0x12	0x00
0x100007e0:	0x02	0x01	0x00	0xbb	0x07	0x04	0x0f	0x04
0x100007e8:	0x46	0x01	0x21	0xfd	0xbb	0x0d	0x04	0x3e
0x100007f0:	0x0a	0x03	0x00	0x01	0x08	0x0c	0x00	0x00
0x100007f8:	0x00	0x90	0x01	0xaa	0x04	0x07	0x01	0x21
0x10000800:	0xfd	0x07	0x01	0x08	0x12	0x00	0x02	0x01
0x10000808:	0x00	0xbb	0x07	0x04	0x0f	0x04	0x46	0x01
0x10000810:	0x21	0xfd	0xaa	0x04	0x07	0x01	0x21	0xfd
0x10000818:	0x07	0x01	0x08	0x12	0x00	0x02	0x01	0x00
0x10000820:	0xbb	0x07	0x04	0x0f	0x04	0x46	0x01	0x21
0x10000828:	0xfd	0xaa	0x04	0x07	0x01	0x21	0xfd	0x07
0x10000830:	0x01	0x08	0x12	0x00	0x02	0x01	0x00	0xbb
0x10000838:	0x07	0x04	0x0f	0x04	0x46	0x01	0x21	0xfd
0x10000840:	0xaa	0x04	0x07	0x01	0x21	0xfd	0x07	0x01
0x10000848:	0x08	0x12	0x00	0x02	0x01	0x00	0xbb	0x07
0x10000850:	0x04	0x0f	0x04	0x46	0x01	0x21	0xfd	0xaa
0x10000858:	0x04	0x07	0x01	0x21	0xfd	0x07	0x01	0x08
0x10000860:	0x12	0x00	0x02	0x01	0x00	0xbb	0x07	0x04
0x10000868:	0x0f	0x04	0x46	0x01	0x21	0xfd	0xaa	0x04
0x10000870:	0x07	0x01	0x21	0xfd	0x07	0x01	0x08	0x12
0x10000878:	0x00	0x02	0x01	0x00	0xbb	0x07	0x04	0x0f
0x10000880:	0x04	0x46	0x01	0x21	0xfd	0xbb	0x0c	0x04
0x10000888:	0xff	0x09	0x11	0x0c	0x01	0x08	0x04	0x08
0x10000890:	0x3d	0x00	0x0a	0xbb	0x09	0x04	0xff	0x06
0x10000898:	0x10	0x0c	0x01	0x08	0x01	0x00	0xaa	0x04
0x100008a0:	0x07	0x01	0x21	0xfd	0x07	0x01	0x08	0x12
0x100008a8:	0x00	0x02	0x01	0x00	0xbb	0x07	0x04	0x0f
0x100008b0:	0x04	0x00	0x01	0x21	0xfd	0xbb	0x09	0x04
0x100008b8:	0xff	0x06	0x10	0x0c	0x01	0x08	0x01	0x00
0x100008c0:	0xbb	0x1e	0x04	0xff	0x1b	0x0f	0x0c	0x01
0x100008c8:	0x08	0x16	0x11	0x00	0xa2	0x02	0xec	0xff
0x100008d0:	0x15	0x00	0x09	0x04	0xf8	0xff	0xd9	0xff
0x100008d8:	0xf6	0xff	0x08	0x00	0xfb	0xff	0xf2	0xff
0x100008e0:	0xbb	0x1e	0x04	0xff	0x1b	0x0f	0x0c	0x01
0x100008e8:	0x08	0x16	0x11	0x00	0xa9	0x02	0xeb	0xff
0x100008f0:	0x15	0x00	0x0a	0x04	0x07	0x00	0xed	0xff
0x100008f8:	0xf7	0xff	0x02	0x00	0xf8	0xff	0xfb	0xff
0x10000900:	0xbb	0x1e	0x04	0xff	0x1b	0x0f	0x0c	0x01
0x10000908:	0x08	0x16	0x11	0x00	0xaf	0x02	0xec	0xff
0x10000910:	0x15	0x00	0x08	0x04	0x02	0x00	0xda	0xff
0x10000918:	0xfd	0xff	0x0b	0x00	0xfd	0xff	0xf7	0xff
0x10000920:	0xbb	0x1e	0x04	0xff	0x1b	0x0f	0x0c	0x01
0x10000928:	0x08	0x16	0x11	0x00	0xb5	0x02	0xeb	0xff
0x10000930:	0x14	0x00	0x09	0x04	0xef	0xff	0xe6	0xff
0x10000938:	0xf6	0xff	0x09	0x00	0xf7	0xff	0xf8	0xff
0x10000940:	0xbb	0x1e	0x04	0xff	0x1b	0x0f	0x0c	0x01
0x10000948:	0x08	0x16	0x11	0x00	0xbb	0x02	0xef	0xff
0x10000950:	0x14	0x00	0x08	0x04	0xee	0xff	0xcf	0xff
0x10000958:	0xf7	0xff	0x06	0x00	0xf5	0xff	0xfd	0xff
0x10000960:	0xbb	0x1e	0x04	0xff	0x1b	0x0f	0x0c	0x01
0x10000968:	0x08	0x16	0x11	0x00	0xc2	0x02	0xef	0xff
0x10000970:	0x14	0x00	0x08	0x04	0x07	0x00	0xd9	0xff
0x10000978:	0xf6	0xff	0x09	0x00	0xf5	0xff	0xf7	0xff
0x10000980:	0xbb	0x1e	0x04	0xff	0x1b	0x0f	0x0c	0x01
0x10000988:	0x08	0x16	0x11	0x00	0xc8	0x02	0xeb	0xff
0x10000990:	0x14	0x00	0x0b	0x04	0x00	0x00	0xdd	0xff
0x10000998:	0xf8	0xff	0x08	0x00	0xfb	0xff	0xf4	0xff
0x100009a0:	0xbb	0x1e	0x04	0xff	0x1b	0x0f	0x0c	0x01
0x100009a8:	0x08	0x16	0x11	0x00	0xce	0x02	0xea	0xff
0x100009b0:	0x11	0x00	0x08	0x04	0xfe	0xff	0xdb	0xff
0x100009b8:	0xf6	0xff	0x03	0x00	0xfd	0xff	0xf4	0xff
0x100009c0:	0xbb	0x1e	0x04	0xff	0x1b	0x0f	0x0c	0x01
0x100009c8:	0x08	0x16	0x11	0x00	0xd4	0x02	0xec	0xff
0x100009d0:	0x10	0x00	0x09	0x04	0xfd	0xff	0xdb	0xff
0x100009d8:	0xf6	0xff	0x05	0x00	0xf8	0xff	0xfb	0xff
0x100009e0:	0xbb	0x1e	0x04	0xff	0x1b	0x0f	0x0c	0x01
0x100009e8:	0x08	0x16	0x11	0x00	0xdb	0x02	0xee	0xff
0x100009f0:	0x12	0x00	0x06	0x04	0xfe	0xff	0xe5	0xff
0x100009f8:	0xf3	0xff	0x08	0x00	0x00	0x00	0xfe	0xff
0x10000a00:	0xbb	0x1e	0x04	0xff	0x1b	0x0f	0x0c	0x01
0x10000a08:	0x08	0x16	0x11	0x00	0xe1	0x02	0xed	0xff
0x10000a10:	0x11	0x00	0x08	0x04	0x00	0x00	0xdc	0xff
0x10000a18:	0xf4	0xff	0x08	0x00	0xfa	0xff	0xfa	0xff
0x10000a20:	0xbb	0x1e	0x04	0xff	0x1b	0x0f	0x0c	0x01
0x10000a28:	0x08	0x16	0x11	0x00	0xe7	0x02	0xed	0xff
0x10000a30:	0x14	0x00	0x0a	0x04	0x0c	0x00	0xde	0xff
0x10000a38:	0xf7	0xff	0x08	0x00	0xfb	0xff	0xf7	0xff
0x10000a40:	0xbb	0x1e	0x04	0xff	0x1b	0x0f	0x0c	0x01
0x10000a48:	0x08	0x16	0x11	0x00	0xed	0x02	0xed	0xff
0x10000a50:	0x13	0x00	0x09	0x04	0x00	0x00	0xd5	0xff
0x10000a58:	0xf3	0xff	0x08	0x00	0xf4	0xff	0xfb	0xff
0x10000a60:	0xbb	0x1e	0x04	0xff	0x1b	0x0f	0x0c	0x01
0x10000a68:	0x08	0x16	0x11	0x00	0xf4	0x02	0xef	0xff
0x10000a70:	0x13	0x00	0x07	0x04	0x02	0x00	0xdd	0xff
0x10000a78:	0xf6	0xff	0x06	0x00	0xfb	0xff	0x02	0x00
0x10000a80:	0xbb	0x1e	0x04	0xff	0x1b	0x0f	0x0c	0x01
0x10000a88:	0x08	0x16	0x11	0x00	0xfa	0x02	0xeb	0xff
0x10000a90:	0x12	0x00	0x08	0x04	0x02	0x00	0xdd	0xff
0x10000a98:	0xf5	0xff	0x11	0x00	0xfd	0xff	0xfb	0xff
0x10000aa0:	0xbb	0x1e	0x04	0xff	0x1b	0x0f	0x0c	0x01
0x10000aa8:	0x08	0x16	0x11	0x00	0x00	0x03	0xec	0xff
0x10000ab0:	0x14	0x00	0x09	0x04	0x07	0x00	0xdc	0xff
0x10000ab8:	0xf4	0xff	0x0f	0x00	0xf7	0xff	0xfa	0xff
0x10000ac0:	0xbb	0x1e	0x04	0xff	0x1b	0x0f	0x0c	0x01
0x10000ac8:	0x08	0x16	0x11	0x00	0x06	0x03	0xed	0xff
0x10000ad0:	0x14	0x00	0x08	0x04	0x05	0x00	0xdb	0xff
0x10000ad8:	0xf7	0xff	0x08	0x00	0xfa	0xff	0xfe	0xff
0x10000ae0:	0xbb	0x1e	0x04	0xff	0x1b	0x0f	0x0c	0x01
0x10000ae8:	0x08	0x16	0x11	0x00	0x0d	0x03	0xed	0xff
0x10000af0:	0x12	0x00	0x08	0x04	0x02	0x00	0xdc	0xff
0x10000af8:	0xf5	0xff	0x06	0x00	0xee	0xff	0xfb	0xff
0x10000b00:	0xbb	0x1e	0x04	0xff	0x1b	0x0f	0x0c	0x01
0x10000b08:	0x08	0x16	0x11	0x00	0x13	0x03	0xeb	0xff
0x10000b10:	0x13	0x00	0x05	0x04	0x08	0x00	0xe0	0xff
0x10000b18:	0xf6	0xff	0x03	0x00	0xfa	0xff	0xfb	0xff
0x10000b20:	0xbb	0x1e	0x04	0xff	0x1b	0x0f	0x0c	0x01
0x10000b28:	0x08	0x16	0x11	0x00	0x19	0x03	0xed	0xff
0x10000b30:	0x14	0x00	0x09	0x04	0xfc	0xff	0xe1	0xff
0x10000b38:	0xf5	0xff	0x0b	0x00	0xfd	0xff	0xfa	0xff
0x10000b40:	0xbb	0x1e	0x04	0xff	0x1b	0x0f	0x0c	0x01
0x10000b48:	0x08	0x16	0x11	0x00	0x1f	0x03	0xec	0xff
0x10000b50:	0x12	0x00	0x06	0x04	0xf7	0xff	0xd3	0xff
0x10000b58:	0xf3	0xff	0x06	0x00	0xf7	0xff	0xf8	0xff
0x10000b60:	0xbb	0x1e	0x04	0xff	0x1b	0x0f	0x0c	0x01
0x10000b68:	0x08	0x16	0x11	0x00	0x26	0x03	0xee	0xff
0x10000b70:	0x15	0x00	0x07	0x04	0x0b	0x00	0xdd	0xff
0x10000b78:	0xf4	0xff	0x06	0x00	0xfb	0xff	0xf7	0xff
0x10000b80:	0xbb	0x1e	0x04	0xff	0x1b	0x0f	0x0c	0x01
0x10000b88:	0x08	0x16	0x11	0x00	0x2c	0x03	0xee	0xff
0x10000b90:	0x15	0x00	0x0a	0x04	0xf8	0xff	0xd5	0xff
0x10000b98:	0xf7	0xff	0x0f	0x00	0xfa	0xff	0xf5	0xff
0x10000ba0:	0xbb	0x1e	0x04	0xff	0x1b	0x0f	0x0c	0x01
0x10000ba8:	0x08	0x16	0x11	0x00	0x32	0x03	0xeb	0xff
0x10000bb0:	0x13	0x00	0x05	0x04	0xfe	0xff	0xd9	0xff
0x10000bb8:	0xf6	0xff	0x03	0x00	0xfa	0xff	0x00	0x00
0x10000bc0:	0xbb	0x1e	0x04	0xff	0x1b	0x0f	0x0c	0x01
0x10000bc8:	0x08	0x16	0x11	0x00	0x38	0x03	0xe9	0xff
0x10000bd0:	0x12	0x00	0x0a	0x04	0x05	0x00	0xe1	0xff
0x10000bd8:	0xf8	0xff	0x09	0x00	0xf8	0xff	0xfa	0xff
0x10000be0:	0xbb	0x1e	0x04	0xff	0x1b	0x0f	0x0c	0x01
0x10000be8:	0x08	0x16	0x11	0x00	0x3f	0x03	0xee	0xff
0x10000bf0:	0x14	0x00	0x07	0x04	0xf9	0xff	0xd8	0xff
0x10000bf8:	0xf5	0xff	0x05	0x00	0xfb	0xff	0xfd	0xff
0x10000c00:	0xbb	0x1e	0x04	0xff	0x1b	0x0f	0x0c	0x01
0x10000c08:	0x08	0x16	0x11	0x00	0x45	0x03	0xed	0xff
0x10000c10:	0x12	0x00	0x09	0x04	0x04	0x00	0xde	0xff
0x10000c18:	0xf6	0xff	0x09	0x00	0xfa	0xff	0xfb	0xff
0x10000c20:	0xbb	0x1e	0x04	0xff	0x1b	0x0f	0x0c	0x01
0x10000c28:	0x08	0x16	0x11	0x00	0x4b	0x03	0xf0	0xff
0x10000c30:	0x13	0x00	0x06	0x04	0x07	0x00	0xdd	0xff
0x10000c38:	0xf5	0xff	0x08	0x00	0xf8	0xff	0xfa	0xff
0x10000c40:	0xbb	0x1e	0x04	0xff	0x1b	0x0f	0x0c	0x01
0x10000c48:	0x08	0x16	0x11	0x00	0x51	0x03	0xed	0xff
0x10000c50:	0x13	0x00	0x06	0x04	0x03	0x00	0xd6	0xff
0x10000c58:	0xf4	0xff	0x06	0x00	0xf8	0xff	0xfb	0xff
0x10000c60:	0xbb	0x1e	0x04	0xff	0x1b	0x0f	0x0c	0x01
0x10000c68:	0x08	0x16	0x11	0x00	0x58	0x03	0xf0	0xff
0x10000c70:	0x14	0x00	0x06	0x04	0x00	0x00	0xd9	0xff
0x10000c78:	0xf5	0xff	0x02	0x00	0xf7	0xff	0x00	0x00
0x10000c80:	0xbb	0x1e	0x04	0xff	0x1b	0x0f	0x0c	0x01
0x10000c88:	0x08	0x16	0x11	0x00	0x5e	0x03	0xed	0xff
0x10000c90:	0x14	0x00	0x08	0x04	0x07	0x00	0xd8	0xff
0x10000c98:	0xf5	0xff	0x06	0x00	0x02	0x00	0xfe	0xff
0x10000ca0:	0xbb	0x1e	0x04	0xff	0x1b	0x0f	0x0c	0x01
0x10000ca8:	0x08	0x16	0x11	0x00	0x64	0x03	0xee	0xff
0x10000cb0:	0x12	0x00	0x06	0x04	0x00	0x00	0xd9	0xff
0x10000cb8:	0xf3	0xff	0x08	0x00	0xfe	0xff	0xfb	0xff
0x10000cc0:	0xbb	0x1e	0x04	0xff	0x1b	0x0f	0x0c	0x01
0x10000cc8:	0x08	0x16	0x11	0x00	0x6a	0x03	0xec	0xff
0x10000cd0:	0x15	0x00	0x07	0x04	0x08	0x00	0xe1	0xff
0x10000cd8:	0xf3	0xff	0x02	0x00	0xf5	0xff	0xf4	0xff
0x10000ce0:	0xbb	0x1e	0x04	0xff	0x1b	0x0f	0x0c	0x01
0x10000ce8:	0x08	0x16	0x11	0x00	0x71	0x03	0xed	0xff
0x10000cf0:	0x16	0x00	0x07	0x04	0x02	0x00	0xd6	0xff
0x10000cf8:	0xf4	0xff	0x05	0x00	0xf4	0xff	0xf8	0xff
0x10000d00:	0xbb	0x1e	0x04	0xff	0x1b	0x0f	0x0c	0x01
0x10000d08:	0x08	0x16	0x11	0x00	0x77	0x03	0xef	0xff
0x10000d10:	0x14	0x00	0x07	0x04	0x08	0x00	0xdf	0xff
0x10000d18:	0xf9	0xff	0x06	0x00	0xfa	0xff	0xfe	0xff
0x10000d20:	0xbb	0x1e	0x04	0xff	0x1b	0x0f	0x0c	0x01
0x10000d28:	0x08	0x16	0x11	0x00	0x7d	0x03	0xea	0xff
0x10000d30:	0x15	0x00	0x0a	0x04	0x0b	0x00	0xda	0xff
0x10000d38:	0xf3	0xff	0x00	0x00	0xf7	0xff	0xfd	0xff
0x10000d40:	0xbb	0x1e	0x04	0xff	0x1b	0x0f	0x0c	0x01
0x10000d48:	0x08	0x16	0x11	0x00	0x83	0x03	0xef	0xff
0x10000d50:	0x16	0x00	0x07	0x04	0xf7	0xff	0xd6	0xff
0x10000d58:	0xf6	0xff	0x08	0x00	0xfb	0xff	0xf8	0xff
0x10000d60:	0xbb	0x1e	0x04	0xff	0x1b	0x0f	0x0c	0x01
0x10000d68:	0x08	0x16	0x11	0x00	0x8a	0x03	0xef	0xff
0x10000d70:	0x13	0x00	0x06	0x04	0x05	0x00	0xdd	0xff
0x10000d78:	0xf5	0xff	0x00	0x00	0xf8	0xff	0x03	0x00
0x10000d80:	0xbb	0x1e	0x04	0xff	0x1b	0x0f	0x0c	0x01
0x10000d88:	0x08	0x16	0x11	0x00	0x90	0x03	0xed	0xff
0x10000d90:	0x17	0x00	0x09	0x04	0x06	0x00	0xdf	0xff
0x10000d98:	0xf5	0xff	0x03	0x00	0xf7	0xff	0xf8	0xff
0x10000da0:	0xbb	0x1e	0x04	0xff	0x1b	0x0f	0x0c	0x01
0x10000da8:	0x08	0x16	0x11	0x00	0x96	0x03	0xf0	0xff
0x10000db0:	0x15	0x00	0x05	0x04	0x01	0x00	0xd5	0xff
0x10000db8:	0xf6	0xff	0x08	0x00	0xfa	0xff	0xfe	0xff
0x10000dc0:	0xbb	0x1e	0x04	0xff	0x1b	0x0f	0x0c	0x01
0x10000dc8:	0x08	0x16	0x11	0x00	0x9c	0x03	0xeb	0xff
0x10000dd0:	0x15	0x00	0x09	0x04	0xfb	0xff	0xd7	0xff
0x10000dd8:	0xf3	0xff	0x06	0x00	0x00	0x00	0x02	0x00
0x10000de0:	0xbb	0x1e	0x04	0xff	0x1b	0x0f	0x0c	0x01
0x10000de8:	0x08	0x16	0x11	0x00	0xa3	0x03	0xed	0xff
0x10000df0:	0x16	0x00	0x07	0x04	0x09	0x00	0xdd	0xff
0x10000df8:	0xf6	0xff	0x06	0x00	0xfa	0xff	0xfb	0xff
0x10000e00:	0xbb	0x1e	0x04	0xff	0x1b	0x0f	0x0c	0x01
0x10000e08:	0x08	0x16	0x11	0x00	0xa9	0x03	0xee	0xff
0x10000e10:	0x14	0x00	0x08	0x04	0xf9	0xff	0xd7	0xff
0x10000e18:	0xf7	0xff	0x05	0x00	0xfe	0xff	0xfb	0xff
0x10000e20:	0xbb	0x1e	0x04	0xff	0x1b	0x0f	0x0c	0x01
0x10000e28:	0x08	0x16	0x11	0x00	0xaf	0x03	0xf1	0xff
0x10000e30:	0x15	0x00	0x07	0x04	0xff	0xff	0xdb	0xff
0x10000e38:	0xf7	0xff	0x05	0x00	0xf1	0xff	0xf8	0xff
0x10000e40:	0xbb	0x1e	0x04	0xff	0x1b	0x0f	0x0c	0x01
0x10000e48:	0x08	0x16	0x11	0x00	0xb5	0x03	0xf0	0xff
0x10000e50:	0x14	0x00	0x07	0x04	0x0a	0x00	0xd5	0xff
0x10000e58:	0xf5	0xff	0x08	0x00	0x00	0x00	0xf7	0xff
0x10000e60:	0xbb	0x1e	0x04	0xff	0x1b	0x0f	0x0c	0x01
0x10000e68:	0x08	0x16	0x11	0x00	0xbc	0x03	0xf0	0xff
0x10000e70:	0x18	0x00	0x09	0x04	0x07	0x00	0xd9	0xff
0x10000e78:	0xf4	0xff	0x08	0x00	0xf5	0xff	0xfb	0xff
0x10000e80:	0xbb	0x1e	0x04	0xff	0x1b	0x0f	0x0c	0x01
0x10000e88:	0x08	0x16	0x11	0x00	0xc2	0x03	0xee	0xff
0x10000e90:	0x14	0x00	0x05	0x04	0x01	0x00	0xdc	0xff
0x10000e98:	0xf3	0xff	0x0b	0x00	0xfe	0xff	0xf8	0xff
0x10000ea0:	0xbb	0x1e	0x04	0xff	0x1b	0x0f	0x0c	0x01
0x10000ea8:	0x08	0x16	0x11	0x00	0xc8	0x03	0xf1	0xff
0x10000eb0:	0x18	0x00	0x09	0x04	0x01	0x00	0xda	0xff
0x10000eb8:	0xf8	0xff	0xfe	0xff	0xfe	0xff	0xfb	0xff
0x10000ec0:	0xbb	0x1e	0x04	0xff	0x1b	0x0f	0x0c	0x01
0x10000ec8:	0x08	0x16	0x11	0x00	0xce	0x03	0xef	0xff
0x10000ed0:	0x18	0x00	0x0a	0x04	0x01	0x00	0xd9	0xff
0x10000ed8:	0xf4	0xff	0x03	0x00	0xfb	0xff	0xfd	0xff
0x10000ee0:	0xbb	0x1e	0x04	0xff	0x1b	0x0f	0x0c	0x01
0x10000ee8:	0x08	0x16	0x11	0x00	0xd5	0x03	0xf3	0xff
0x10000ef0:	0x13	0x00	0x03	0x04	0xfb	0xff	0xd9	0xff
0x10000ef8:	0xf5	0xff	0x0b	0x00	0xfb	0xff	0xf8	0xff
0x10000f00:	0xbb	0x1e	0x04	0xff	0x1b	0x0f	0x0c	0x01
0x10000f08:	0x08	0x16	0x11	0x00	0xdb	0x03	0xf1	0xff
0x10000f10:	0x18	0x00	0x05	0x04	0x06	0x00	0xdc	0xff
0x10000f18:	0xf5	0xff	0x06	0x00	0xfe	0xff	0xfd	0xff
0x10000f20:	0xbb	0x1e	0x04	0xff	0x1b	0x0f	0x0c	0x01
0x10000f28:	0x08	0x16	0x11	0x00	0xe1	0x03	0xec	0xff
0x10000f30:	0x19	0x00	0x0a	0x04	0x03	0x00	0xde	0xff
0x10000f38:	0xf6	0xff	0xfd	0xff	0xfb	0xff	0xfa	0xff
0x10000f40:	0xbb	0x1e	0x04	0xff	0x1b	0x0f	0x0c	0x01
0x10000f48:	0x08	0x16	0x11	0x00	0xe7	0x03	0xf0	0xff
0x10000f50:	0x14	0x00	0x06	0x04	0x00	0x00	0xd9	0xff
0x10000f58:	0xf7	0xff	0x0b	0x00	0xfd	0xff	0xfa	0xff
0x10000f60:	0xbb	0x1e	0x04	0xff	0x1b	0x0f	0x0c	0x01
0x10000f68:	0x08	0x16	0x11	0x00	0xee	0x03	0xed	0xff
0x10000f70:	0x19	0x00	0x0a	0x04	0x0d	0x00	0xe9	0xff
0x10000f78:	0xf6	0xff	0x08	0x00	0x02	0x00	0xfa	0xff
0x10000f80:	0xbb	0x1e	0x04	0xff	0x1b	0x0f	0x0c	0x01
0x10000f88:	0x08	0x16	0x11	0x00	0xf4	0x03	0xf0	0xff
0x10000f90:	0x14	0x00	0x09	0x04	0xf3	0xff	0xd4	0xff
0x10000f98:	0xf5	0xff	0x08	0x00	0xfb	0xff	0xf4	0xff
0x10000fa0:	0xbb	0x1e	0x04	0xff	0x1b	0x0f	0x0c	0x01
0x10000fa8:	0x08	0x16	0x11	0x00	0xfa	0x03	0xf1	0xff
0x10000fb0:	0x16	0x00	0x08	0x04	0x09	0x00	0xd8	0xff
0x10000fb8:	0xf7	0xff	0x00	0x00	0x00	0x00	0x03	0x00
0x10000fc0:	0xbb	0x1e	0x04	0xff	0x1b	0x0f	0x0c	0x01
0x10000fc8:	0x08	0x16	0x11	0x00	0x00	0x04	0xf1	0xff
0x10000fd0:	0x18	0x00	0x08	0x04	0x0a	0x00	0xe0	0xff
0x10000fd8:	0xf2	0xff	0x08	0x00	0xfe	0xff	0xfb	0xff
0x10000fe0:	0xbb	0x1e	0x04	0xff	0x1b	0x0f	0x0c	0x01
0x10000fe8:	0x08	0x16	0x11	0x00	0x07	0x04	0xee	0xff
0x10000ff0:	0x17	0x00	0x09	0x04	0x06	0x00	0xd9	0xff
0x10000ff8:	0xf4	0xff	0x08	0x00	0xf7	0xff	0xf2	0xff
0x10001000:	0xbb	0x1e	0x04	0xff	0x1b	0x0f	0x0c	0x01
0x10001008:	0x08	0x16	0x11	0x00	0x0d	0x04	0xed	0xff
0x10001010:	0x17	0x00	0x09	0x04	0x01	0x00	0xe3	0xff
0x10001018:	0xf5	0xff	0x05	0x00	0xf8	0xff	0xfd	0xff
0x10001020:	0xbb	0x1e	0x04	0xff	0x1b	0x0f	0x0c	0x01
0x10001028:	0x08	0x16	0x11	0x00	0x13	0x04	0xf0	0xff
0x10001030:	0x19	0x00	0x08	0x04	0x01	0x00	0xdb	0xff
0x10001038:	0xf7	0xff	0x0b	0x00	0xf4	0xff	0xfd	0xff
0x10001040:	0xbb	0x1e	0x04	0xff	0x1b	0x0f	0x0c	0x01
0x10001048:	0x08	0x16	0x11	0x00	0x19	0x04	0xee	0xff
0x10001050:	0x16	0x00	0x09	0x04	0xf8	0xff	0xda	0xff
0x10001058:	0xf5	0xff	0x03	0x00	0xf4	0xff	0xf7	0xff
0x10001060:	0xbb	0x1e	0x04	0xff	0x1b	0x0f	0x0c	0x01
0x10001068:	0x08	0x16	0x11	0x00	0x20	0x04	0xf3	0xff
0x10001070:	0x16	0x00	0x09	0x04	0x02	0x00	0xe4	0xff
0x10001078:	0xf6	0xff	0x0b	0x00	0xf7	0xff	0xfd	0xff
0x10001080:	0xbb	0x1e	0x04	0xff	0x1b	0x0f	0x0c	0x01
0x10001088:	0x08	0x16	0x11	0x00	0x26	0x04	0xf1	0xff
0x10001090:	0x19	0x00	0x09	0x04	0x0b	0x00	0xd6	0xff
0x10001098:	0xf6	0xff	0x00	0x00	0xfd	0xff	0x00	0x00
0x100010a0:	0xbb	0x1e	0x04	0xff	0x1b	0x0f	0x0c	0x01
0x100010a8:	0x08	0x16	0x11	0x00	0x2c	0x04	0xef	0xff
0x100010b0:	0x16	0x00	0x08	0x04	0xff	0xff	0xe2	0xff
0x100010b8:	0xf4	0xff	0x05	0x00	0xf7	0xff	0x02	0x00
0x100010c0:	0xbb	0x1e	0x04	0xff	0x1b	0x0f	0x0c	0x01
0x100010c8:	0x08	0x16	0x11	0x00	0x32	0x04	0xee	0xff
0x100010d0:	0x18	0x00	0x0a	0x04	0xfb	0xff	0xda	0xff
0x100010d8:	0xf6	0xff	0x09	0x00	0xfb	0xff	0xfd	0xff
0x100010e0:	0xbb	0x1e	0x04	0xff	0x1b	0x0f	0x0c	0x01
0x100010e8:	0x08	0x16	0x11	0x00	0x39	0x04	0xf0	0xff
0x100010f0:	0x17	0x00	0x07	0x04	0x03	0x00	0xe2	0xff
0x100010f8:	0xf4	0xff	0x05	0x00	0xfe	0xff	0xf8	0xff
0x10001100:	0xbb	0x1e	0x04	0xff	0x1b	0x0f	0x0c	0x01
0x10001108:	0x08	0x16	0x11	0x00	0x3f	0x04	0xef	0xff
0x10001110:	0x1a	0x00	0x0a	0x04	0xfd	0xff	0xda	0xff
0x10001118:	0xf5	0xff	0x06	0x00	0xf7	0xff	0xfb	0xff
0x10001120:	0xbb	0x1e	0x04	0xff	0x1b	0x0f	0x0c	0x01
0x10001128:	0x08	0x16	0x11	0x00	0x45	0x04	0xec	0xff
0x10001130:	0x16	0x00	0x08	0x04	0xfd	0xff	0xe3	0xff
0x10001138:	0xf6	0xff	0x08	0x00	0xfb	0xff	0xf4	0xff
0x10001140:	0xbb	0x1e	0x04	0xff	0x1b	0x0f	0x0c	0x01
0x10001148:	0x08	0x16	0x11	0x00	0x4b	0x04	0xef	0xff
0x10001150:	0x17	0x00	0x06	0x04	0x08	0x00	0xd6	0xff
0x10001158:	0xf6	0xff	0x09	0x00	0x05	0x00	0xfd	0xff
0x10001160:	0xbb	0x1e	0x04	0xff	0x1b	0x0f	0x0c	0x01
0x10001168:	0x08	0x16	0x11	0x00	0x52	0x04	0xed	0xff
0x10001170:	0x17	0x00	0x09	0x04	0xff	0xff	0xdc	0xff
0x10001178:	0xf7	0xff	0x02	0x00	0xf4	0xff	0xfe	0xff
0x10001180:	0xbb	0x1e	0x04	0xff	0x1b	0x0f	0x0c	0x01
0x10001188:	0x08	0x16	0x11	0x00	0x58	0x04	0xed	0xff
0x10001190:	0x18	0x00	0x09	0x04	0x04	0x00	0xe7	0xff
0x10001198:	0xf6	0xff	0x05	0x00	0x02	0x00	0xfb	0xff
0x100011a0:	0xbb	0x1e	0x04	0xff	0x1b	0x0f	0x0c	0x01
0x100011a8:	0x08	0x16	0x11	0x00	0x5e	0x04	0xee	0xff
0x100011b0:	0x14	0x00	0x08	0x04	0x11	0x00	0xe9	0xff
0x100011b8:	0xf9	0xff	0x09	0x00	0x00	0x00	0xfe	0xff
0x100011c0:	0xbb	0x1e	0x04	0xff	0x1b	0x0f	0x0c	0x01
0x100011c8:	0x08	0x16	0x11	0x00	0x64	0x04	0xee	0xff
0x100011d0:	0x16	0x00	0x05	0x04	0x0a	0x00	0xe9	0xff
0x100011d8:	0xf6	0xff	0x0b	0x00	0x02	0x00	0xfa	0xff
0x100011e0:	0xbb	0x1e	0x04	0xff	0x1b	0x0f	0x0c	0x01
0x100011e8:	0x08	0x16	0x11	0x00	0x6b	0x04	0xec	0xff
0x100011f0:	0x1b	0x00	0x0f	0x04	0xf3	0xff	0xd6	0xff
0x100011f8:	0xf5	0xff	0x02	0x00	0xfb	0xff	0xf7	0xff
0x10001200:	0xbb	0x1e	0x04	0xff	0x1b	0x0f	0x0c	0x01
0x10001208:	0x08	0x16	0x11	0x00	0x71	0x04	0xed	0xff
0x10001210:	0x18	0x00	0x07	0x04	0x02	0x00	0xdf	0xff
0x10001218:	0xf4	0xff	0xfd	0xff	0xfb	0xff	0x03	0x00
0x10001220:	0xbb	0x1e	0x04	0xff	0x1b	0x0f	0x0c	0x01
0x10001228:	0x08	0x16	0x11	0x00	0x77	0x04	0xec	0xff
0x10001230:	0x19	0x00	0x09	0x04	0x0b	0x00	0xe0	0xff
0x10001238:	0xf6	0xff	0x02	0x00	0xfe	0xff	0xfb	0xff
0x10001240:	0xbb	0x1e	0x04	0xff	0x1b	0x0f	0x0c	0x01
0x10001248:	0x08	0x16	0x11	0x00	0x7d	0x04	0xe9	0xff
0x10001250:	0x18	0x00	0x0a	0x04	0xf3	0xff	0xdd	0xff
0x10001258:	0xf5	0xff	0x02	0x00	0xf7	0xff	0xf7	0xff
0x10001260:	0xbb	0x1e	0x04	0xff	0x1b	0x0f	0x0c	0x01
0x10001268:	0x08	0x16	0x11	0x00	0x84	0x04	0xe8	0xff
0x10001270:	0x16	0x00	0x08	0x04	0xfe	0xff	0xdf	0xff
0x10001278:	0xf6	0xff	0x08	0x00	0xf7	0xff	0xfe	0xff
0x10001280:	0xbb	0x1e	0x04	0xff	0x1b	0x0f	0x0c	0x01
0x10001288:	0x08	0x16	0x11	0x00	0x8a	0x04	0xea	0xff
0x10001290:	0x15	0x00	0x08	0x04	0xf6	0xff	0xd9	0xff
0x10001298:	0xf8	0xff	0x02	0x00	0xf8	0xff	0x02	0x00
0x100012a0:	0xbb	0x1e	0x04	0xff	0x1b	0x0f	0x0c	0x01
0x100012a8:	0x08	0x16	0x11	0x00	0x90	0x04	0xec	0xff
0x100012b0:	0x17	0x00	0x07	0x04	0xfd	0xff	0xe2	0xff
0x100012b8:	0xf3	0xff	0x09	0x00	0x03	0x00	0xf5	0xff
0x100012c0:	0xbb	0x1e	0x04	0xff	0x1b	0x0f	0x0c	0x01
0x100012c8:	0x08	0x16	0x11	0x00	0x96	0x04	0xeb	0xff
0x100012d0:	0x17	0x00	0x08	0x04	0xfb	0xff	0xdb	0xff
0x100012d8:	0xf6	0xff	0x06	0x00	0xfe	0xff	0xf7	0xff
0x100012e0:	0xbb	0x1e	0x04	0xff	0x1b	0x0f	0x0c	0x01
0x100012e8:	0x08	0x16	0x11	0x00	0x9d	0x04	0xe9	0xff
0x100012f0:	0x18	0x00	0x09	0x04	0xff	0xff	0xde	0xff
0x100012f8:	0xf8	0xff	0x09	0x00	0xf5	0xff	0xf8	0xff
0x10001300:	0xbb	0x1e	0x04	0xff	0x1b	0x0f	0x0c	0x01
0x10001308:	0x08	0x16	0x11	0x00	0xa3	0x04	0xec	0xff
0x10001310:	0x16	0x00	0x07	0x04	0xf6	0xff	0xda	0xff
0x10001318:	0xf8	0xff	0x0e	0x00	0xfb	0xff	0xf2	0xff
0x10001320:	0xbb	0x1e	0x04	0xff	0x1b	0x0f	0x0c	0x01
0x10001328:	0x08	0x16	0x11	0x00	0xa9	0x04	0xeb	0xff
0x10001330:	0x18	0x00	0x08	0x04	0x05	0x00	0xe1	0xff
0x10001338:	0xf7	0xff	0x09	0x00	0xfb	0xff	0xfd	0xff
0x10001340:	0xbb	0x1e	0x04	0xff	0x1b	0x0f	0x0c	0x01
0x10001348:	0x08	0x16	0x11	0x00	0xaf	0x04	0xeb	0xff
0x10001350:	0x16	0x00	0x06	0x04	0xf5	0xff	0xda	0xff
0x10001358:	0xf7	0xff	0xfe	0xff	0xfd	0xff	0xfb	0xff
0x10001360:	0xbb	0x1e	0x04	0xff	0x1b	0x0f	0x0c	0x01
0x10001368:	0x08	0x16	0x11	0x00	0xb6	0x04	0xea	0xff
0x10001370:	0x15	0x00	0x07	0x04	0xfc	0xff	0xdd	0xff
0x10001378:	0xf7	0xff	0x05	0x00	0xfa	0xff	0xf8	0xff
0x10001380:	0xbb	0x1e	0x04	0xff	0x1b	0x0f	0x0c	0x01
0x10001388:	0x08	0x16	0x11	0x00	0xbc	0x04	0xea	0xff
0x10001390:	0x16	0x00	0x08	0x04	0xfd	0xff	0xdd	0xff
0x10001398:	0xf6	0xff	0x0b	0x00	0x05	0x00	0xfe	0xff
0x100013a0:	0xbb	0x1e	0x04	0xff	0x1b	0x0f	0x0c	0x01
0x100013a8:	0x08	0x16	0x11	0x00	0xc2	0x04	0xe9	0xff
0x100013b0:	0x14	0x00	0x09	0x04	0x04	0x00	0xe0	0xff
0x100013b8:	0xf3	0xff	0xfe	0xff	0xf7	0xff	0xf7	0xff
0x100013c0:	0xbb	0x1e	0x04	0xff	0x1b	0x0f	0x0c	0x01
0x100013c8:	0x08	0x16	0x11	0x00	0xc8	0x04	0xe8	0xff
0x100013d0:	0x15	0x00	0x08	0x04	0xf8	0xff	0xdf	0xff
0x100013d8:	0xf1	0xff	0x02	0x00	0xfb	0xff	0x03	0x00
0x100013e0:	0xbb	0x1e	0x04	0xff	0x1b	0x0f	0x0c	0x01
0x100013e8:	0x08	0x16	0x11	0x00	0xcf	0x04	0xf0	0xff
0x100013f0:	0x12	0x00	0x06	0x04	0xfc	0xff	0xe2	0xff
0x100013f8:	0xf7	0xff	0x03	0x00	0xfe	0xff	0xfd	0xff
0x10001400:	0xbb	0x1e	0x04	0xff	0x1b	0x0f	0x0c	0x01
0x10001408:	0x08	0x16	0x11	0x00	0xd5	0x04	0xea	0xff
0x10001410:	0x14	0x00	0x0c	0x04	0xf9	0xff	0xed	0xff
0x10001418:	0xf5	0xff	0x09	0x00	0xfd	0xff	0x00	0x00
0x10001420:	0xbb	0x1e	0x04	0xff	0x1b	0x0f	0x0c	0x01
0x10001428:	0x08	0x16	0x11	0x00	0xdb	0x04	0xea	0xff
0x10001430:	0x16	0x00	0x12	0x04	0xe4	0xff	0xe0	0xff
0x10001438:	0xf1	0xff	0x0c	0x00	0xfa	0xff	0xfd	0xff
0x10001440:	0xbb	0x1e	0x04	0xff	0x1b	0x0f	0x0c	0x01
0x10001448:	0x08	0x16	0x11	0x00	0xe1	0x04	0xf7	0xff
0x10001450:	0x1b	0x00	0x15	0x04	0xd6	0xff	0x16	0x00
0x10001458:	0xf8	0xff	0x08	0x00	0xfe	0xff	0x00	0x00
0x10001460:	0xbb	0x1e	0x04	0xff	0x1b	0x0f	0x0c	0x01
0x10001468:	0x08	0x16	0x11	0x00	0xe8	0x04	0xe9	0xff
0x10001470:	0x08	0x00	0xf6	0x03	0x93	0xff	0x48	0x00
0x10001478:	0x10	0x00	0x06	0x00	0x05	0x00	0x05	0x00
0x10001480:	0xbb	0x1e	0x04	0xff	0x1b	0x0f	0x0c	0x01
0x10001488:	0x08	0x16	0x11	0x00	0xee	0x04	0xdc	0xff
0x10001490:	0x0b	0x00	0x12	0x04	0xeb	0xff	0x91	0x00
0x10001498:	0x22	0x00	0x0c	0x00	0x05	0x00	0x06	0x00
0x100014a0:	0xbb	0x1e	0x04	0xff	0x1b	0x0f	0x0c	0x01
0x100014a8:	0x08	0x16	0x11	0x00	0xf4	0x04	0xf1	0xff
0x100014b0:	0xf2	0xff	0x17	0x04	0xf0	0xff	0xbe	0xff
0x100014b8:	0x3c	0x00	0x06	0x00	0x08	0x00	0x00	0x00
0x100014c0:	0xbb	0x1e	0x04	0xff	0x1b	0x0f	0x0c	0x01
0x100014c8:	0x08	0x16	0x11	0x00	0xfa	0x04	0x0f	0x00
0x100014d0:	0xfb	0xff	0x21	0x04	0xa3	0xff	0x13	0xff
0x100014d8:	0xca	0xff	0x00	0x00	0x06	0x00	0xfa	0xff
0x100014e0:	0xbb	0x1e	0x04	0xff	0x1b	0x0f	0x0c	0x01
0x100014e8:	0x08	0x16	0x11	0x00	0x01	0x05	0xc8	0xff
0x100014f0:	0x14	0x00	0xfa	0x03	0xc2	0xff	0x53	0xff
0x100014f8:	0xbb	0xff	0x0e	0x00	0xfe	0xff	0x03	0x00
0x10001500:	0xbb	0x1e	0x04	0xff	0x1b	0x0f	0x0c	0x01
0x10001508:	0x08	0x16	0x11	0x00	0x07	0x05	0x09	0x00
0x10001510:	0xef	0xff	0x03	0x04	0xc5	0xff	0x4d	0xff
0x10001518:	0xab	0xff	0x05	0x00	0xfe	0xff	0xfd	0xff
0x10001520:	0xbb	0x1e	0x04	0xff	0x1b	0x0f	0x0c	0x01
0x10001528:	0x08	0x16	0x11	0x00	0x0d	0x05	0xe9	0xff
0x10001530:	0xfc	0xff	0xf8	0x03	0xfd	0xff	0xe4	0xff
0x10001538:	0x88	0xff	0x0b	0x00	0x02	0x00	0x09	0x00
0x10001540:	0xbb	0x1e	0x04	0xff	0x1b	0x0f	0x0c	0x01
0x10001548:	0x08	0x16	0x11	0x00	0x13	0x05	0xc5	0xff
0x10001550:	0x06	0x00	0xf1	0x03	0xd4	0xff	0x6f	0xff
0x10001558:	0xdb	0xff	0x09	0x00	0x00	0x00	0xfe	0xff
0x10001560:	0xbb	0x1e	0x04	0xff	0x1b	0x0f	0x0c	0x01
0x10001568:	0x08	0x16	0x11	0x00	0x1a	0x05	0x14	0x00
0x10001570:	0xe5	0xff	0xf7	0x03	0xe3	0xff	0x54	0xff
0x10001578:	0xf4	0xff	0x11	0x00	0xf8	0xff	0x00	0x00
0x10001580:	0xbb	0x1e	0x04	0xff	0x1b	0x0f	0x0c	0x01
0x10001588:	0x08	0x16	0x11	0x00	0x20	0x05	0x1e	0x00
0x10001590:	0xda	0xff	0xf8	0x03	0x2b	0x00	0xb8	0xff
0x10001598:	0xb1	0xff	0x0f	0x00	0xf1	0xff	0xfd	0xff
0x100015a0:	0xbb	0x1e	0x04	0xff	0x1b	0x0f	0x0c	0x01
0x100015a8:	0x08	0x16	0x11	0x00	0x26	0x05	0x01	0x00
0x100015b0:	0xea	0xff	0xf0	0x03	0xf7	0xff	0xcd	0xff
0x100015b8:	0x87	0xff	0x14	0x00	0xf4	0xff	0x02	0x00
0x100015c0:	0xbb	0x1e	0x04	0xff	0x1b	0x0f	0x0c	0x01
0x100015c8:	0x08	0x16	0x11	0x00	0x2c	0x05	0xf7	0xff
0x100015d0:	0xf6	0xff	0x06	0x04	0xc1	0xff	0x8d	0xff
0x100015d8:	0x64	0xff	0x18	0x00	0xf2	0xff	0xfd	0xff
0x100015e0:	0xbb	0x1e	0x04	0xff	0x1b	0x0f	0x0c	0x01
0x100015e8:	0x08	0x16	0x11	0x00	0x33	0x05	0x01	0x00
0x100015f0:	0xf7	0xff	0x07	0x04	0xc2	0xff	0xb9	0xff
0x100015f8:	0x73	0xff	0x1d	0x00	0xf1	0xff	0xfa	0xff
0x10001600:	0xbb	0x1e	0x04	0xff	0x1b	0x0f	0x0c	0x01
0x10001608:	0x08	0x16	0x11	0x00	0x39	0x05	0x09	0x00
0x10001610:	0xfa	0xff	0x1b	0x04	0xed	0xff	0x8e	0xff
0x10001618:	0xc4	0xff	0x15	0x00	0xef	0xff	0xfa	0xff
0x10001620:	0xbb	0x1e	0x04	0xff	0x1b	0x0f	0x0c	0x01
0x10001628:	0x08	0x16	0x11	0x00	0x3f	0x05	0x0b	0x00
0x10001630:	0xf4	0xff	0xe6	0x03	0x0e	0x00	0x0b	0x00
0x10001638:	0x8b	0xff	0x1b	0x00	0xef	0xff	0xfb	0xff
0x10001640:	0xbb	0x1e	0x04	0xff	0x1b	0x0f	0x0c	0x01
0x10001648:	0x08	0x16	0x11	0x00	0x45	0x05	0x22	0x00
0x10001650:	0xeb	0xff	0x07	0x04	0xdb	0xff	0xb7	0xff
0x10001658:	0x84	0xff	0x1d	0x00	0xe9	0xff	0xfd	0xff
0x10001660:	0xbb	0x1e	0x04	0xff	0x1b	0x0f	0x0c	0x01
0x10001668:	0x08	0x16	0x11	0x00	0x4c	0x05	0x19	0x00
0x10001670:	0xed	0xff	0xe1	0x03	0x45	0x00	0x42	0x00
0x10001678:	0x4c	0xff	0x1b	0x00	0xee	0xff	0xfd	0xff
0x10001680:	0xbb	0x1e	0x04	0xff	0x1b	0x0f	0x0c	0x01
0x10001688:	0x08	0x16	0x11	0x00	0x52	0x05	0xdc	0xff
0x10001690:	0x05	0x00	0xf5	0x03	0xce	0xff	0xb2	0xff
0x10001698:	0x7d	0xff	0x1d	0x00	0xf1	0xff	0xfe	0xff
0x100016a0:	0xbb	0x1e	0x04	0xff	0x1b	0x0f	0x0c	0x01
0x100016a8:	0x08	0x16	0x11	0x00	0x58	0x05	0xf6	0xff
0x100016b0:	0xf6	0xff	0xe3	0x03	0xec	0xff	0xf0	0xff
0x100016b8:	0xc2	0xff	0x18	0x00	0xf1	0xff	0xfe	0xff
0x100016c0:	0xbb	0x1e	0x04	0xff	0x1b	0x0f	0x0c	0x01
0x100016c8:	0x08	0x16	0x11	0x00	0x5e	0x05	0x1a	0x00
0x100016d0:	0xe5	0xff	0x04	0x04	0x95	0xff	0xab	0xff
0x100016d8:	0xda	0xff	0x1e	0x00	0xee	0xff	0xfd	0xff
0x100016e0:	0xbb	0x1e	0x04	0xff	0x1b	0x0f	0x0c	0x01
0x100016e8:	0x08	0x16	0x11	0x00	0x65	0x05	0x1c	0x00
0x100016f0:	0xd8	0xff	0xed	0x03	0x32	0x00	0x6d	0x00
0x100016f8:	0x96	0xff	0x20	0x00	0xeb	0xff	0x00	0x00
0x10001700:	0xbb	0x1e	0x04	0xff	0x1b	0x0f	0x0c	0x01
0x10001708:	0x08	0x16	0x11	0x00	0x6b	0x05	0xe4	0xff
0x10001710:	0xf2	0xff	0xd8	0x03	0xd3	0xff	0x3a	0x00
0x10001718:	0x8b	0xff	0x21	0x00	0xeb	0xff	0x09	0x00
0x10001720:	0xbb	0x1e	0x04	0xff	0x1b	0x0f	0x0c	0x01
0x10001728:	0x08	0x16	0x11	0x00	0x71	0x05	0xf2	0xff
0x10001730:	0xf1	0xff	0x00	0x04	0xe5	0xff	0x64	0x00
0x10001738:	0xd2	0xff	0x21	0x00	0xef	0xff	0x03	0x00
0x10001740:	0xbb	0x1e	0x04	0xff	0x1b	0x0f	0x0c	0x01
0x10001748:	0x08	0x16	0x11	0x00	0x77	0x05	0xe7	0xff
0x10001750:	0xe5	0xff	0xe8	0x03	0xe1	0xff	0x69	0x00
0x10001758:	0xc7	0xff	0x29	0x00	0xf7	0xff	0x02	0x00
0x10001760:	0xbb	0x1e	0x04	0xff	0x1b	0x0f	0x0c	0x01
0x10001768:	0x08	0x16	0x11	0x00	0x7e	0x05	0xb7	0xff
0x10001770:	0xd9	0xff	0x07	0x04	0x6d	0xff	0x06	0x00
0x10001778:	0xf5	0xff	0x24	0x00	0xf4	0xff	0x08	0x00
0x10001780:	0xbb	0x1e	0x04	0xff	0x1b	0x0f	0x0c	0x01
0x10001788:	0x08	0x16	0x11	0x00	0x84	0x05	0xfb	0xff
0x10001790:	0xd7	0xff	0x0c	0x04	0xe5	0xff	0x71	0x00
0x10001798:	0xb7	0xff	0x2c	0x00	0xfb	0xff	0x06	0x00
0x100017a0:	0xbb	0x1e	0x04	0xff	0x1b	0x0f	0x0c	0x01
0x100017a8:	0x08	0x16	0x11	0x00	0x8a	0x05	0xce	0xff
0x100017b0:	0xe4	0xff	0x17	0x04	0x75	0xff	0xe2	0xff
0x100017b8:	0xe2	0xff	0x26	0x00	0x00	0x00	0x08	0x00
0x100017c0:	0xbb	0x1e	0x04	0xff	0x1b	0x0f	0x0c	0x01
0x100017c8:	0x08	0x16	0x11	0x00	0x90	0x05	0xf4	0xff
0x100017d0:	0xcf	0xff	0x29	0x04	0xaa	0xff	0xbb	0xff
0x100017d8:	0x07	0x00	0x29	0x00	0xf8	0xff	0x09	0x00
0x100017e0:	0xbb	0x1e	0x04	0xff	0x1b	0x0f	0x0c	0x01
0x100017e8:	0x08	0x16	0x11	0x00	0x97	0x05	0xb6	0xff
0x100017f0:	0xe7	0xff	0x36	0x04	0xba	0xff	0x2c	0x00
0x100017f8:	0xc3	0xff	0x2a	0x00	0xfd	0xff	0x0e	0x00
0x10001800:	0xbb	0x1e	0x04	0xff	0x1b	0x0f	0x0c	0x01
0x10001808:	0x08	0x16	0x11	0x00	0x9d	0x05	0xbc	0xff
0x10001810:	0xe0	0xff	0x29	0x04	0xe3	0xff	0x38	0x00
0x10001818:	0xd7	0xff	0x32	0x00	0x00	0x00	0x11	0x00
0x10001820:	0xbb	0x1e	0x04	0xff	0x1b	0x0f	0x0c	0x01
0x10001828:	0x08	0x16	0x11	0x00	0xa3	0x05	0xe8	0xff
0x10001830:	0xce	0xff	0x2f	0x04	0x0d	0x00	0xf6	0xff
0x10001838:	0x24	0x00	0x2f	0x00	0xfd	0xff	0x1a	0x00
0x10001840:	0xbb	0x1e	0x04	0xff	0x1b	0x0f	0x0c	0x01
0x10001848:	0x08	0x16	0x11	0x00	0xa9	0x05	0xe1	0xff
0x10001850:	0xc3	0xff	0x0d	0x04	0x02	0x00	0x0f	0x00
0x10001858:	0x15	0x00	0x2c	0x00	0x02	0x00	0x0f	0x00
0x10001860:	0xbb	0x1e	0x04	0xff	0x1b	0x0f	0x0c	0x01
0x10001868:	0x08	0x16	0x11	0x00	0xb0	0x05	0xe2	0xff
0x10001870:	0xc7	0xff	0x09	0x04	0x07	0x00	0x07	0x00
0x10001878:	0xdb	0xff	0x29	0x00	0x02	0x00	0x11	0x00
0x10001880:	0xbb	0x1e	0x04	0xff	0x1b	0x0f	0x0c	0x01
0x10001888:	0x08	0x16	0x11	0x00	0xb6	0x05	0xc7	0xff
0x10001890:	0xc9	0xff	0x02	0x04	0x0b	0x00	0x10	0x00
0x10001898:	0xe5	0xff	0x2f	0x00	0x05	0x00	0x12	0x00
0x100018a0:	0xbb	0x1e	0x04	0xff	0x1b	0x0f	0x0c	0x01
0x100018a8:	0x08	0x16	0x11	0x00	0xbc	0x05	0xd3	0xff
0x100018b0:	0xbb	0xff	0xeb	0x03	0x07	0x00	0x46	0x00
0x100018b8:	0xef	0xff	0x33	0x00	0x05	0x00	0x0f	0x00
0x100018c0:	0xbb	0x1e	0x04	0xff	0x1b	0x0f	0x0c	0x01
0x100018c8:	0x08	0x16	0x11	0x00	0xc2	0x05	0xe2	0xff
0x100018d0:	0xbb	0xff	0x08	0x04	0x09	0x00	0x93	0xff
0x100018d8:	0x25	0x00	0x2c	0x00	0x0b	0x00	0x14	0x00
0x100018e0:	0xbb	0x1e	0x04	0xff	0x1b	0x0f	0x0c	0x01
0x100018e8:	0x08	0x16	0x11	0x00	0xc9	0x05	0xdc	0xff
0x100018f0:	0xb7	0xff	0xdb	0x03	0x70	0x00	0x1b	0x00
0x100018f8:	0x17	0x00	0x26	0x00	0x08	0x00	0x18	0x00
0x10001900:	0xbb	0x1e	0x04	0xff	0x1b	0x0f	0x0c	0x01
0x10001908:	0x08	0x16	0x11	0x00	0xcf	0x05	0xca	0xff
0x10001910:	0xd2	0xff	0x26	0x04	0x15	0x00	0x51	0x00
0x10001918:	0xd6	0xff	0x27	0x00	0x11	0x00	0x12	0x00
0x10001920:	0xbb	0x1e	0x04	0xff	0x1b	0x0f	0x0c	0x01
0x10001928:	0x08	0x16	0x11	0x00	0xd5	0x05	0xca	0xff
0x10001930:	0xc9	0xff	0x02	0x04	0xe8	0xff	0xf6	0xff
0x10001938:	0xae	0xff	0x29	0x00	0x0c	0x00	0x15	0x00
0x10001940:	0xbb	0x1e	0x04	0xff	0x1b	0x0f	0x0c	0x01
0x10001948:	0x08	0x16	0x11	0x00	0xdb	0x05	0xd6	0xff
0x10001950:	0xb9	0xff	0xee	0x03	0xd8	0xff	0x9e	0xff
0x10001958:	0xcd	0xff	0x29	0x00	0x09	0x00	0x1a	0x00
0x10001960:	0xbb	0x1e	0x04	0xff	0x1b	0x0f	0x0c	0x01
0x10001968:	0x08	0x16	0x11	0x00	0xe2	0x05	0xbb	0xff
0x10001970:	0xca	0xff	0x05	0x04	0xdc	0xff	0x0f	0x00
0x10001978:	0xbe	0xff	0x2a	0x00	0x14	0x00	0x17	0x00
0x10001980:	0xbb	0x1e	0x04	0xff	0x1b	0x0f	0x0c	0x01
0x10001988:	0x08	0x16	0x11	0x00	0xe8	0x05	0xb0	0xff
0x10001990:	0xc7	0xff	0x0e	0x04	0xf3	0xff	0x23	0x00
0x10001998:	0x9d	0xff	0x2c	0x00	0x0b	0x00	0x1d	0x00
0x100019a0:	0xbb	0x1e	0x04	0xff	0x1b	0x0f	0x0c	0x01
0x100019a8:	0x08	0x16	0x11	0x00	0xee	0x05	0xae	0xff
0x100019b0:	0xcb	0xff	0xfc	0x03	0xe1	0xff	0x34	0x00
0x100019b8:	0xb6	0xff	0x32	0x00	0x12	0x00	0x18	0x00
0x100019c0:	0xbb	0x1e	0x04	0xff	0x1b	0x0f	0x0c	0x01
0x100019c8:	0x08	0x16	0x11	0x00	0xf4	0x05	0x9f	0xff
0x100019d0:	0xc6	0xff	0x0a	0x04	0x96	0xff	0x93	0xff
0x100019d8:	0x05	0x00	0x2c	0x00	0x0b	0x00	0x24	0x00
0x100019e0:	0xbb	0x1e	0x04	0xff	0x1b	0x0f	0x0c	0x01
0x100019e8:	0x08	0x16	0x11	0x00	0xfb	0x05	0xc1	0xff
0x100019f0:	0xbc	0xff	0x0d	0x04	0xd0	0xff	0x21	0x00
0x100019f8:	0xe1	0xff	0x35	0x00	0x0e	0x00	0x1a	0x00
0x10001a00:	0xbb	0x1e	0x04	0xff	0x1b	0x0f	0x0c	0x01
0x10001a08:	0x08	0x16	0x11	0x00	0x01	0x06	0xa9	0xff
0x10001a10:	0xc1	0xff	0x1c	0x04	0x9f	0xff	0xfb	0xff
0x10001a18:	0xd7	0xff	0x30	0x00	0x14	0x00	0x23	0x00
0x10001a20:	0xbb	0x1e	0x04	0xff	0x1b	0x0f	0x0c	0x01
0x10001a28:	0x08	0x16	0x11	0x00	0x07	0x06	0xb9	0xff
0x10001a30:	0xa4	0xff	0x05	0x04	0xd1	0xff	0x7c	0xff
0x10001a38:	0x22	0x00	0x36	0x00	0x12	0x00	0x23	0x00
0x10001a40:	0xbb	0x1e	0x04	0xff	0x1b	0x0f	0x0c	0x01
0x10001a48:	0x08	0x16	0x11	0x00	0x0d	0x06	0xc6	0xff
0x10001a50:	0xa8	0xff	0xfd	0x03	0xed	0xff	0xec	0xff
0x10001a58:	0xe6	0xff	0x35	0x00	0x11	0x00	0x20	0x00
0x10001a60:	0xbb	0x1e	0x04	0xff	0x1b	0x0f	0x0c	0x01
0x10001a68:	0x08	0x16	0x11	0x00	0x14	0x06	0xb6	0xff
0x10001a70:	0xaa	0xff	0xdd	0x03	0x0b	0x00	0x95	0x00
0x10001a78:	0xdc	0xff	0x32	0x00	0x12	0x00	0x20	0x00
0x10001a80:	0xbb	0x1e	0x04	0xff	0x1b	0x0f	0x0c	0x01
0x10001a88:	0x08	0x16	0x11	0x00	0x1a	0x06	0x9d	0xff
0x10001a90:	0xb4	0xff	0x14	0x04	0xdc	0xff	0x64	0x00
0x10001a98:	0xf3	0xff	0x33	0x00	0x1b	0x00	0x2d	0x00
0x10001aa0:	0xbb	0x1e	0x04	0xff	0x1b	0x0f	0x0c	0x01
0x10001aa8:	0x08	0x16	0x11	0x00	0x20	0x06	0xa7	0xff
0x10001ab0:	0xac	0xff	0x1a	0x04	0xd6	0xff	0x74	0xff
0x10001ab8:	0x43	0x00	0x36	0x00	0x20	0x00	0x2f	0x00
0x10001ac0:	0xbb	0x1e	0x04	0xff	0x1b	0x0f	0x0c	0x01
0x10001ac8:	0x08	0x16	0x11	0x00	0x26	0x06	0x78	0xff
0x10001ad0:	0xbf	0xff	0x04	0x04	0xaa	0xff	0xcd	0xff
0x10001ad8:	0xd0	0xff	0x32	0x00	0x1b	0x00	0x2c	0x00
0x10001ae0:	0xbb	0x1e	0x04	0xff	0x1b	0x0f	0x0c	0x01
0x10001ae8:	0x08	0x16	0x11	0x00	0x2d	0x06	0xbf	0xff
0x10001af0:	0xa3	0xff	0xfc	0x03	0xf0	0xff	0x6b	0xff
0x10001af8:	0x30	0x00	0x2f	0x00	0x1d	0x00	0x2d	0x00
0x10001b00:	0xbb	0x1e	0x04	0xff	0x1b	0x0f	0x0c	0x01
0x10001b08:	0x08	0x16	0x11	0x00	0x33	0x06	0xb4	0xff
0x10001b10:	0xab	0xff	0x03	0x04	0x36	0x00	0xef	0xff
0x10001b18:	0x0a	0x00	0x32	0x00	0x1d	0x00	0x32	0x00
0x10001b20:	0xbb	0x1e	0x04	0xff	0x1b	0x0f	0x0c	0x01
0x10001b28:	0x08	0x16	0x11	0x00	0x39	0x06	0xb5	0xff
0x10001b30:	0xa3	0xff	0xed	0x03	0xf2	0xff	0x6b	0xff
0x10001b38:	0x32	0x00	0x35	0x00	0x21	0x00	0x2f	0x00
0x10001b40:	0xbb	0x1e	0x04	0xff	0x1b	0x0f	0x0c	0x01
0x10001b48:	0x08	0x16	0x11	0x00	0x3f	0x06	0xb4	0xff
0x10001b50:	0xbc	0xff	0x18	0x04	0x14	0x00	0x86	0xff
0x10001b58:	0xf9	0xff	0x36	0x00	0x1b	0x00	0x26	0x00
0x10001b60:	0xbb	0x1e	0x04	0xff	0x1b	0x0f	0x0c	0x01
0x10001b68:	0x08	0x16	0x11	0x00	0x46	0x06	0xe1	0xff
0x10001b70:	0xae	0xff	0x29	0x04	0x2d	0x00	0x66	0x00
0x10001b78:	0xbf	0xff	0x38	0x00	0x1b	0x00	0x2f	0x00
0x10001b80:	0xbb	0x1e	0x04	0xff	0x1b	0x0f	0x0c	0x01
0x10001b88:	0x08	0x16	0x11	0x00	0x4c	0x06	0xa3	0xff
0x10001b90:	0xbb	0xff	0x0e	0x04	0x20	0x00	0xd0	0xff
0x10001b98:	0xea	0xff	0x29	0x00	0x2a	0x00	0x30	0x00
0x10001ba0:	0xbb	0x1e	0x04	0xff	0x1b	0x0f	0x0c	0x01
0x10001ba8:	0x08	0x16	0x11	0x00	0x52	0x06	0x96	0xff
0x10001bb0:	0xb9	0xff	0xfb	0x03	0x1a	0x00	0xa2	0xff
0x10001bb8:	0xc9	0xff	0x30	0x00	0x1e	0x00	0x30	0x00
0x10001bc0:	0xbb	0x1e	0x04	0xff	0x1b	0x0f	0x0c	0x01
0x10001bc8:	0x08	0x16	0x11	0x00	0x58	0x06	0xad	0xff
0x10001bd0:	0xad	0xff	0x13	0x04	0xbe	0xff	0x60	0xff
0x10001bd8:	0xe5	0xff	0x2c	0x00	0x27	0x00	0x2f	0x00
0x10001be0:	0xbb	0x1e	0x04	0xff	0x1b	0x0f	0x0c	0x01
0x10001be8:	0x08	0x16	0x11	0x00	0x5f	0x06	0xd7	0xff
0x10001bf0:	0x9d	0xff	0x07	0x04	0x06	0x00	0xbb	0xff
0x10001bf8:	0x7e	0xff	0x36	0x00	0x26	0x00	0x2d	0x00
0x10001c00:	0xbb	0x1e	0x04	0xff	0x1b	0x0f	0x0c	0x01
0x10001c08:	0x08	0x16	0x11	0x00	0x65	0x06	0x93	0xff
0x10001c10:	0xb7	0xff	0xf0	0x03	0xbe	0xff	0xa0	0xff
0x10001c18:	0xb5	0xff	0x33	0x00	0x23	0x00	0x35	0x00
0x10001c20:	0xbb	0x1e	0x04	0xff	0x1b	0x0f	0x0c	0x01
0x10001c28:	0x08	0x16	0x11	0x00	0x6b	0x06	0xbc	0xff
0x10001c30:	0xa6	0xff	0x14	0x04	0xe9	0xff	0x02	0x00
0x10001c38:	0xb0	0xff	0x33	0x00	0x1d	0x00	0x35	0x00
0x10001c40:	0xbb	0x1e	0x04	0xff	0x1b	0x0f	0x0c	0x01
0x10001c48:	0x08	0x16	0x11	0x00	0x71	0x06	0xcf	0xff
0x10001c50:	0x96	0xff	0x0d	0x04	0x0c	0x00	0x29	0x00
0x10001c58:	0xab	0xff	0x2f	0x00	0x1d	0x00	0x2f	0x00
0x10001c60:	0xbb	0x1e	0x04	0xff	0x1b	0x0f	0x0c	0x01
0x10001c68:	0x08	0x16	0x11	0x00	0x78	0x06	0xab	0xff
0x10001c70:	0xad	0xff	0x06	0x04	0x08	0x00	0x6f	0x00
0x10001c78:	0x69	0xff	0x3f	0x00	0x24	0x00	0x32	0x00
0x10001c80:	0xbb	0x1e	0x04	0xff	0x1b	0x0f	0x0c	0x01
0x10001c88:	0x08	0x16	0x11	0x00	0x7e	0x06	0xab	0xff
0x10001c90:	0xad	0xff	0x0f	0x04	0xd9	0xff	0xd1	0xff
0x10001c98:	0xd0	0xff	0x2d	0x00	0x26	0x00	0x41	0x00
0x10001ca0:	0xbb	0x1e	0x04	0xff	0x1b	0x0f	0x0c	0x01
0x10001ca8:	0x08	0x16	0x11	0x00	0x84	0x06	0xa8	0xff
0x10001cb0:	0xb6	0xff	0x3a	0x04	0x0a	0x00	0xcf	0xff
0x10001cb8:	0xc1	0xff	0x33	0x00	0x23	0x00	0x38	0x00
0x10001cc0:	0xbb	0x1e	0x04	0xff	0x1b	0x0f	0x0c	0x01
0x10001cc8:	0x08	0x16	0x11	0x00	0x8a	0x06	0x8c	0xff
0x10001cd0:	0xc5	0xff	0x00	0x04	0x25	0x00	0x04	0x00
0x10001cd8:	0xb1	0xff	0x3b	0x00	0x27	0x00	0x45	0x00
0x10001ce0:	0xbb	0x1e	0x04	0xff	0x1b	0x0f	0x0c	0x01
0x10001ce8:	0x08	0x16	0x11	0x00	0x91	0x06	0x99	0xff
0x10001cf0:	0xc9	0xff	0x1b	0x04	0xcf	0xff	0xf4	0xff
0x10001cf8:	0x01	0x00	0x39	0x00	0x23	0x00	0x41	0x00
0x10001d00:	0xbb	0x1e	0x04	0xff	0x1b	0x0f	0x0c	0x01
0x10001d08:	0x08	0x16	0x11	0x00	0x97	0x06	0xb3	0xff
0x10001d10:	0xab	0xff	0x03	0x04	0x15	0x00	0xe3	0xff
0x10001d18:	0x30	0x00	0x32	0x00	0x24	0x00	0x3e	0x00
0x10001d20:	0xbb	0x1e	0x04	0xff	0x1b	0x0f	0x0c	0x01
0x10001d28:	0x08	0x16	0x11	0x00	0x9d	0x06	0xc6	0xff
0x10001d30:	0x9a	0xff	0xfa	0x03	0xc5	0xff	0xa9	0xff
0x10001d38:	0x09	0x00	0x35	0x00	0x27	0x00	0x44	0x00
0x10001d40:	0xbb	0x1e	0x04	0xff	0x1b	0x0f	0x0c	0x01
0x10001d48:	0x08	0x16	0x11	0x00	0xa3	0x06	0xac	0xff
0x10001d50:	0xad	0xff	0xf8	0x03	0xfe	0xff	0xcc	0xff
0x10001d58:	0x0c	0x00	0x3b	0x00	0x2f	0x00	0x47	0x00
0x10001d60:	0xbb	0x1e	0x04	0xff	0x1b	0x0f	0x0c	0x01
0x10001d68:	0x08	0x16	0x11	0x00	0xaa	0x06	0xba	0xff
0x10001d70:	0xa0	0xff	0x05	0x04	0x22	0x00	0x13	0x00
0x10001d78:	0xdc	0xff	0x36	0x00	0x2c	0x00	0x45	0x00
0x10001d80:	0xbb	0x1e	0x04	0xff	0x1b	0x0f	0x0c	0x01
0x10001d88:	0x08	0x16	0x11	0x00	0xb0	0x06	0xbd	0xff
0x10001d90:	0x9b	0xff	0xfb	0x03	0xdd	0xff	0xce	0xff
0x10001d98:	0xbd	0xff	0x35	0x00	0x2c	0x00	0x4a	0x00
0x10001da0:	0xbb	0x1e	0x04	0xff	0x1b	0x0f	0x0c	0x01
0x10001da8:	0x08	0x16	0x11	0x00	0xb6	0x06	0xba	0xff
0x10001db0:	0x8e	0xff	0xd7	0x03	0x2b	0x00	0x33	0x00
0x10001db8:	0xa2	0xff	0x2a	0x00	0x38	0x00	0x4d	0x00
0x10001dc0:	0xbb	0x1e	0x04	0xff	0x1b	0x0f	0x0c	0x01
0x10001dc8:	0x08	0x16	0x11	0x00	0xbc	0x06	0xa5	0xff
0x10001dd0:	0x9e	0xff	0xdb	0x03	0xff	0xff	0xd9	0xff
0x10001dd8:	0xe4	0xff	0x35	0x00	0x3b	0x00	0x4d	0x00
0x10001de0:	0xbb	0x1e	0x04	0xff	0x1b	0x0f	0x0c	0x01
0x10001de8:	0x08	0x16	0x11	0x00	0xc3	0x06	0xa8	0xff
0x10001df0:	0xa4	0xff	0x27	0x04	0xe2	0xff	0xfa	0xff
0x10001df8:	0xde	0xff	0x33	0x00	0x32	0x00	0x51	0x00
0x10001e00:	0xbb	0x1e	0x04	0xff	0x1b	0x0f	0x0c	0x01
0x10001e08:	0x08	0x16	0x11	0x00	0xc9	0x06	0x93	0xff
0x10001e10:	0xbc	0xff	0x29	0x04	0x17	0x00	0x51	0x00
0x10001e18:	0xb1	0xff	0x36	0x00	0x3f	0x00	0x5c	0x00
0x10001e20:	0xbb	0x1e	0x04	0xff	0x1b	0x0f	0x0c	0x01
0x10001e28:	0x08	0x16	0x11	0x00	0xcf	0x06	0xd3	0xff
0x10001e30:	0x89	0xff	0x23	0x04	0x1f	0x00	0xdf	0xff
0x10001e38:	0xe9	0xff	0x30	0x00	0x3b	0x00	0x5d	0x00
0x10001e40:	0xbb	0x1e	0x04	0xff	0x1b	0x0f	0x0c	0x01
0x10001e48:	0x08	0x16	0x11	0x00	0xd5	0x06	0x85	0xff
0x10001e50:	0xba	0xff	0x16	0x04	0x2b	0x00	0xd5	0xff
0x10001e58:	0xb5	0xff	0x33	0x00	0x3b	0x00	0x5a	0x00
0x10001e60:	0xbb	0x1e	0x04	0xff	0x1b	0x0f	0x0c	0x01
0x10001e68:	0x08	0x16	0x11	0x00	0xdc	0x06	0xa0	0xff
0x10001e70:	0xb5	0xff	0x16	0x04	0x42	0x00	0xbf	0xff
0x10001e78:	0xd4	0xff	0x3b	0x00	0x48	0x00	0x5d	0x00
0x10001e80:	0xbb	0x1e	0x04	0xff	0x1b	0x0f	0x0c	0x01
0x10001e88:	0x08	0x16	0x11	0x00	0xe2	0x06	0xbe	0xff
0x10001e90:	0x97	0xff	0x05	0x04	0x58	0x00	0x25	0x00
0x10001e98:	0xa3	0xff	0x33	0x00	0x47	0x00	0x5c	0x00
0x10001ea0:	0xbb	0x1e	0x04	0xff	0x1b	0x0f	0x0c	0x01
0x10001ea8:	0x08	0x16	0x11	0x00	0xe8	0x06	0x82	0xff
0x10001eb0:	0xc5	0xff	0xfd	0x03	0xe8	0xff	0xd2	0xff
0x10001eb8:	0xd5	0xff	0x33	0x00	0x42	0x00	0x62	0x00
0x10001ec0:	0xbb	0x1e	0x04	0xff	0x1b	0x0f	0x0c	0x01
0x10001ec8:	0x08	0x16	0x11	0x00	0xee	0x06	0xa5	0xff
0x10001ed0:	0xb1	0xff	0x06	0x04	0xd0	0xff	0xc6	0xff
0x10001ed8:	0x0a	0x00	0x36	0x00	0x4a	0x00	0x62	0x00
0x10001ee0:	0xbb	0x1e	0x04	0xff	0x1b	0x0f	0x0c	0x01
0x10001ee8:	0x08	0x16	0x11	0x00	0xf5	0x06	0xc9	0xff
0x10001ef0:	0xa7	0xff	0x19	0x04	0xf7	0xff	0xf8	0xff
0x10001ef8:	0xbe	0xff	0x35	0x00	0x47	0x00	0x65	0x00
0x10001f00:	0xbb	0x1e	0x04	0xff	0x1b	0x0f	0x0c	0x01
0x10001f08:	0x08	0x16	0x11	0x00	0xfb	0x06	0x9c	0xff
0x10001f10:	0xab	0xff	0xfa	0x03	0x26	0x00	0xf9	0xff
0x10001f18:	0x80	0xff	0x2d	0x00	0x48	0x00	0x68	0x00
0x10001f20:	0xbb	0x1e	0x04	0xff	0x1b	0x0f	0x0c	0x01
0x10001f28:	0x08	0x16	0x11	0x00	0x01	0x07	0x89	0xff
0x10001f30:	0xba	0xff	0x02	0x04	0x0d	0x00	0x02	0x00
0x10001f38:	0xb6	0xff	0x3b	0x00	0x57	0x00	0x74	0x00
0x10001f40:	0xbb	0x1e	0x04	0xff	0x1b	0x0f	0x0c	0x01
0x10001f48:	0x08	0x16	0x11	0x00	0x07	0x07	0x8d	0xff
0x10001f50:	0xb0	0xff	0x0e	0x04	0xe0	0xff	0xf8	0xff
0x10001f58:	0xb5	0xff	0x38	0x00	0x50	0x00	0x71	0x00
0x10001f60:	0xbb	0x1e	0x04	0xff	0x1b	0x0f	0x0c	0x01
0x10001f68:	0x08	0x16	0x11	0x00	0x0e	0x07	0x88	0xff
0x10001f70:	0xb0	0xff	0x08	0x04	0xbc	0xff	0xaa	0xff
0x10001f78:	0x0b	0x00	0x3c	0x00	0x54	0x00	0x7b	0x00
0x10001f80:	0xbb	0x1e	0x04	0xff	0x1b	0x0f	0x0c	0x01
0x10001f88:	0x08	0x16	0x11	0x00	0x14	0x07	0x95	0xff
0x10001f90:	0xa3	0xff	0x13	0x04	0xf0	0xff	0xfa	0xff
0x10001f98:	0xdb	0xff	0x3b	0x00	0x5c	0x00	0x74	0x00
0x10001fa0:	0xbb	0x1e	0x04	0xff	0x1b	0x0f	0x0c	0x01
0x10001fa8:	0x08	0x16	0x11	0x00	0x1a	0x07	0x8c	0xff
0x10001fb0:	0xa6	0xff	0x07	0x04	0x05	0x00	0x07	0x00
0x10001fb8:	0xf9	0xff	0x39	0x00	0x57	0x00	0x7d	0x00
0x10001fc0:	0xbb	0x1e	0x04	0xff	0x1b	0x0f	0x0c	0x01
0x10001fc8:	0x08	0x16	0x11	0x00	0x20	0x07	0xa0	0xff
0x10001fd0:	0x9e	0xff	0x09	0x04	0xfb	0xff	0xf1	0xff
0x10001fd8:	0xed	0xff	0x38	0x00	0x59	0x00	0x7d	0x00
0x10001fe0:	0xbb	0x1e	0x04	0xff	0x1b	0x0f	0x0c	0x01
0x10001fe8:	0x08	0x16	0x11	0x00	0x27	0x07	0xa2	0xff
0x10001ff0:	0x9c	0xff	0xf9	0x03	0xe2	0xff	0xec	0xff
0x10001ff8:	0xdf	0xff	0x3b	0x00	0x5f	0x00	0x81	0x00
0x10002000:	0xbb	0x1e	0x04	0xff	0x1b	0x0f	0x0c	0x01
0x10002008:	0x08	0x16	0x11	0x00	0x2d	0x07	0x9d	0xff
0x10002010:	0x98	0xff	0xe8	0x03	0xd8	0xff	0x10	0x00
0x10002018:	0xfe	0xff	0x33	0x00	0x5f	0x00	0x87	0x00
0x10002020:	0xbb	0x1e	0x04	0xff	0x1b	0x0f	0x0c	0x01
0x10002028:	0x08	0x16	0x11	0x00	0x33	0x07	0x96	0xff
0x10002030:	0x9d	0xff	0xe7	0x03	0x9c	0xff	0xcc	0xff
0x10002038:	0x14	0x00	0x38	0x00	0x68	0x00	0x8d	0x00
0x10002040:	0xbb	0x1e	0x04	0xff	0x1b	0x0f	0x0c	0x01
0x10002048:	0x08	0x16	0x11	0x00	0x39	0x07	0x94	0xff
0x10002050:	0xaf	0xff	0x15	0x04	0xa2	0xff	0xdc	0xff
0x10002058:	0x0e	0x00	0x30	0x00	0x68	0x00	0x8d	0x00
0x10002060:	0xbb	0x1e	0x04	0xff	0x1b	0x0f	0x0c	0x01
0x10002068:	0x08	0x16	0x11	0x00	0x40	0x07	0xa3	0xff
0x10002070:	0xab	0xff	0x0a	0x04	0xd4	0xff	0x8e	0xff
0x10002078:	0x5a	0x00	0x39	0x00	0x68	0x00	0x92	0x00
0x10002080:	0xbb	0x1e	0x04	0xff	0x1b	0x0f	0x0c	0x01
0x10002088:	0x08	0x16	0x11	0x00	0x46	0x07	0x9e	0xff
0x10002090:	0xa3	0xff	0xf2	0x03	0xfa	0xff	0xa5	0xff
0x10002098:	0x6a	0x00	0x38	0x00	0x77	0x00	0x92	0x00
0x100020a0:	0xbb	0x1e	0x04	0xff	0x1b	0x0f	0x0c	0x01
0x100020a8:	0x08	0x16	0x11	0x00	0x4c	0x07	0xaf	0xff
0x100020b0:	0x8e	0xff	0x05	0x04	0xc9	0xff	0xb6	0xff
0x100020b8:	0x66	0x00	0x3b	0x00	0x6c	0x00	0x9c	0x00
0x100020c0:	0xbb	0x1e	0x04	0xff	0x1b	0x0f	0x0c	0x01
0x100020c8:	0x08	0x16	0x11	0x00	0x52	0x07	0xba	0xff
0x100020d0:	0x8d	0xff	0x16	0x04	0x2f	0x00	0xda	0xff
0x100020d8:	0x00	0x00	0x2f	0x00	0x6f	0x00	0x9b	0x00
0x100020e0:	0xbb	0x1e	0x04	0xff	0x1b	0x0f	0x0c	0x01
0x100020e8:	0x08	0x16	0x11	0x00	0x59	0x07	0x93	0xff
0x100020f0:	0x95	0xff	0xf3	0x03	0x42	0x00	0xfe	0xff
0x100020f8:	0xf2	0xff	0x32	0x00	0x86	0x00	0x9c	0x00
0x10002100:	0xbb	0x1e	0x04	0xff	0x1b	0x0f	0x0c	0x01
0x10002108:	0x08	0x16	0x11	0x00	0x5f	0x07	0xa0	0xff
0x10002110:	0x9d	0xff	0x0f	0x04	0xfc	0xff	0xd3	0xff
0x10002118:	0xca	0xff	0x27	0x00	0x80	0x00	0xa1	0x00
0x10002120:	0xbb	0x1e	0x04	0xff	0x1b	0x0f	0x0c	0x01
0x10002128:	0x08	0x16	0x11	0x00	0x65	0x07	0x98	0xff
0x10002130:	0x97	0xff	0x0d	0x04	0x31	0x00	0xf7	0xff
0x10002138:	0xc3	0xff	0x2f	0x00	0x8d	0x00	0xa7	0x00
0x10002140:	0xbb	0x1e	0x04	0xff	0x1b	0x0f	0x0c	0x01
0x10002148:	0x08	0x16	0x11	0x00	0x6b	0x07	0x8a	0xff
0x10002150:	0x97	0xff	0xf9	0x03	0x15	0x00	0xe3	0xff
0x10002158:	0xc9	0xff	0x32	0x00	0x87	0x00	0xab	0x00
0x10002160:	0xbb	0x1e	0x04	0xff	0x1b	0x0f	0x0c	0x01
0x10002168:	0x08	0x16	0x11	0x00	0x72	0x07	0x76	0xff
0x10002170:	0x9e	0xff	0x03	0x04	0xec	0xff	0xeb	0xff
0x10002178:	0xc7	0xff	0x36	0x00	0x96	0x00	0xb7	0x00
0x10002180:	0xbb	0x1e	0x04	0xff	0x1b	0x0f	0x0c	0x01
0x10002188:	0x08	0x16	0x11	0x00	0x78	0x07	0x66	0xff
0x10002190:	0x9d	0xff	0xfd	0x03	0xbe	0xff	0xc5	0xff
0x10002198:	0x06	0x00	0x30	0x00	0x96	0x00	0xb4	0x00
0x100021a0:	0xbb	0x1e	0x04	0xff	0x1b	0x0f	0x0c	0x01
0x100021a8:	0x08	0x16	0x11	0x00	0x7e	0x07	0x6c	0xff
0x100021b0:	0x92	0xff	0x03	0x04	0x9f	0xff	0x8a	0xff
0x100021b8:	0x48	0x00	0x2d	0x00	0x96	0x00	0xb9	0x00
0x100021c0:	0xbb	0x1e	0x04	0xff	0x1b	0x0f	0x0c	0x01
0x100021c8:	0x08	0x16	0x11	0x00	0x84	0x07	0x78	0xff
0x100021d0:	0x82	0xff	0x06	0x04	0xc5	0xff	0x14	0x00
0x100021d8:	0x13	0x00	0x30	0x00	0x95	0x00	0xae	0x00
0x100021e0:	0xbb	0x1e	0x04	0xff	0x1b	0x0f	0x0c	0x01
0x100021e8:	0x08	0x16	0x11	0x00	0x8b	0x07	0x4b	0xff
0x100021f0:	0xa2	0xff	0x02	0x04	0x2d	0xff	0x1b	0xff
0x100021f8:	0xae	0x00	0x38	0x00	0x8d	0x00	0xaa	0x00
0x10002200:	0xbb	0x1e	0x04	0xff	0x1b	0x0f	0x0c	0x01
0x10002208:	0x08	0x16	0x11	0x00	0x91	0x07	0xb8	0xff
0x10002210:	0x6a	0xff	0x33	0x04	0xc4	0xff	0x4c	0xff
0x10002218:	0xa9	0x00	0x30	0x00	0x87	0x00	0xa4	0x00
0x10002220:	0xbb	0x1e	0x04	0xff	0x1b	0x0f	0x0c	0x01
0x10002228:	0x08	0x16	0x11	0x00	0x97	0x07	0xa5	0xff
0x10002230:	0x64	0xff	0x1b	0x04	0x46	0x00	0xbf	0xff
0x10002238:	0x2a	0x00	0x2f	0x00	0x83	0x00	0xa2	0x00
0x10002240:	0xbb	0x1e	0x04	0xff	0x1b	0x0f	0x0c	0x01
0x10002248:	0x08	0x16	0x11	0x00	0x9d	0x07	0x70	0xff
0x10002250:	0x97	0xff	0x1a	0x04	0x30	0x00	0xe1	0xff
0x10002258:	0xbf	0xff	0x2c	0x00	0x72	0x00	0x8f	0x00
0x10002260:	0xbb	0x1e	0x04	0xff	0x1b	0x0f	0x0c	0x01
0x10002268:	0x08	0x16	0x11	0x00	0xa4	0x07	0x70	0xff
0x10002270:	0x93	0xff	0xf6	0x03	0x2c	0x00	0xc0	0xff
0x10002278:	0x01	0x00	0x2c	0x00	0x6c	0x00	0x87	0x00
0x10002280:	0xbb	0x1e	0x04	0xff	0x1b	0x0f	0x0c	0x01
0x10002288:	0x08	0x16	0x11	0x00	0xaa	0x07	0x92	0xff
0x10002290:	0x8b	0xff	0xf1	0x03	0x12	0x00	0x6c	0xff
0x10002298:	0x64	0x00	0x39	0x00	0x6c	0x00	0x81	0x00
0x100022a0:	0xbb	0x1e	0x04	0xff	0x1b	0x0f	0x0c	0x01
0x100022a8:	0x08	0x16	0x11	0x00	0xb0	0x07	0x93	0xff
0x100022b0:	0x77	0xff	0xe7	0x03	0x1f	0x00	0xf2	0xff
0x100022b8:	0xff	0xff	0x33	0x00	0x5f	0x00	0x78	0x00
0x100022c0:	0xbb	0x1e	0x04	0xff	0x1b	0x0f	0x0c	0x01
0x100022c8:	0x08	0x16	0x11	0x00	0xb6	0x07	0x8f	0xff
0x100022d0:	0x8b	0xff	0xdf	0x03	0xab	0xff	0x7a	0xff
0x100022d8:	0x35	0x00	0x32	0x00	0x59	0x00	0x74	0x00
0x100022e0:	0x03
Detaching from program: /.share/CACHEDEV1_DATA/Ada/STM32/L/L476/sensortile/obj/Debug/sensortile, Remote target
