DAC.CR.EN1: 0
DAC.CR.TEN1: 0
DAC.CR.TSEL1[2:0]: 0
DAC.CR.WAVE1[1:0]: 0
DAC.CR.MAMP1[3:0]: 0
DAC.CR.DMAEN1: 0
DAC.CR.DMAUDRIE1: 0
DAC.CR.CEN1: 0
DAC.CR.EN2: 0
DAC.CR.TEN2: 0
DAC.CR.TSEL2[2:0]: 0
DAC.CR.WAVE2[1:0]: 0
DAC.CR.MAMP2[3:0]: 0
DAC.CR.DMAEN2: 0
DAC.CR.DMAUDRIE2: 0
DAC.CR.CEN2: 0
DAC.SWTRIGR.SWTRIG1: 0
DAC.SWTRIGR.SWTRIG2: 0
DAC.DHR12R1.DACC1DHR[11:0]: 0
DAC.DHR12L1.DACC1DHR[11:0]: 0
DAC.DHR8R1.DACC1DHR[7:0]: 0
DAC.DHR12R2.DACC2DHR[11:0]: 0
DAC.DHR12L2.DACC2DHR[11:0]: 0
DAC.DHR8R2.DACC2DHR[7:0]: 0
DAC.DHR12RD.DACC1DHR[11:0]: 0
DAC.DHR12RD.DACC2DHR[11:0]: 0
DAC.DHR12LD.DACC1DHR[11:0]: 0
DAC.DHR12LD.DACC2DHR[11:0]: 0
DAC.DHR8RD.DACC1DHR[7:0]: 0
DAC.DHR8RD.DACC2DHR[7:0]: 0
DAC.DOR1.DACC1DOR[11:0]: 0
DAC.DOR2.DACC2DOR[11:0]: 0
DAC.SR.DMAUDR1: 0
DAC.SR.CAL_FLAG1: 0
DAC.SR.BWST1: 0
DAC.SR.DMAUDR2: 0
DAC.SR.CAL_FLAG2: 0
DAC.SR.BWST2: 0
DAC.CCR.OTRIM1[4:0]: 0x12
DAC.CCR.OTRIM2[4:0]: 0xc
DAC.MCR.MODE1[2:0]: 0
DAC.MCR.MODE2[2:0]: 0
DAC.SHSR1.TSAMPLE1[9:0]: 0
DAC.SHSR2.TSAMPLE2[9:0]: 0
DAC.SHHR.THOLD1[9:0]: 1
DAC.SHHR.THOLD2[9:0]: 1
DAC.SHRR.TREFRESH1[7:0]: 1
DAC.SHRR.TREFRESH2[7:0]: 1